------Start of DE processing------ = [1/04/22 05:11:15:071 COT]
Exception = com.ibm.websphere.servlet.error.ServletErrorReport
Source = com.ibm.ws.webcontainer.filter.FilterInstanceWrapper.doFilter
probeid = 144
Stack Dump = com.ibm.websphere.servlet.error.ServletErrorReport: java.lang.NoClassDefFoundError: pruebasjaas/PersonalCallbackHandler
	at com.ibm.ws.webcontainer.servlet.ServletWrapper.service(ServletWrapper.java:1356)
	at com.ibm.ws.webcontainer.servlet.ServletWrapper.handleRequest(ServletWrapper.java:746)
	at com.ibm.ws.webcontainer.servlet.ServletWrapper.handleRequest(ServletWrapper.java:443)
	at com.ibm.ws.webcontainer.filter.WebAppFilterChain.invokeTarget(WebAppFilterChain.java:193)
	at com.ibm.ws.webcontainer.filter.WebAppFilterChain.doFilter(WebAppFilterChain.java:98)
	at com.ibm.ws.security.jaspi.JaspiServletFilter.doFilter(JaspiServletFilter.java:56)
	at com.ibm.ws.webcontainer.filter.FilterInstanceWrapper.doFilter(FilterInstanceWrapper.java:201)
	at com.ibm.ws.webcontainer.filter.WebAppFilterChain.doFilter(WebAppFilterChain.java:91)
	at com.ibm.ws.webcontainer.filter.WebAppFilterManager.doFilter(WebAppFilterManager.java:1002)
	at com.ibm.ws.webcontainer.filter.WebAppFilterManager.invokeFilters(WebAppFilterManager.java:1140)
	at com.ibm.ws.webcontainer.webapp.WebApp.handleRequest(WebApp.java:5049)
	at com.ibm.ws.webcontainer.osgi.DynamicVirtualHost$2.handleRequest(DynamicVirtualHost.java:316)
	at com.ibm.ws.webcontainer.WebContainer.handleRequest(WebContainer.java:1007)
	at com.ibm.ws.webcontainer.osgi.DynamicVirtualHost$2.run(DynamicVirtualHost.java:281)
	at com.ibm.ws.http.dispatcher.internal.channel.HttpDispatcherLink$TaskWrapper.run(HttpDispatcherLink.java:1184)
	at com.ibm.ws.http.dispatcher.internal.channel.HttpDispatcherLink.wrapHandlerAndExecute(HttpDispatcherLink.java:453)
	at com.ibm.ws.http.dispatcher.internal.channel.HttpDispatcherLink.ready(HttpDispatcherLink.java:412)
	at com.ibm.ws.http.channel.internal.inbound.HttpInboundLink.handleDiscrimination(HttpInboundLink.java:566)
	at com.ibm.ws.http.channel.internal.inbound.HttpInboundLink.handleNewRequest(HttpInboundLink.java:500)
	at com.ibm.ws.http.channel.internal.inbound.HttpInboundLink.processRequest(HttpInboundLink.java:360)
	at com.ibm.ws.http.channel.internal.inbound.HttpICLReadCallback.complete(HttpICLReadCallback.java:70)
	at com.ibm.ws.channel.ssl.internal.SSLReadServiceContext$SSLReadCompletedCallback.complete(SSLReadServiceContext.java:1824)
	at com.ibm.ws.tcpchannel.internal.WorkQueueManager.requestComplete(WorkQueueManager.java:514)
	at com.ibm.ws.tcpchannel.internal.WorkQueueManager.attemptIO(WorkQueueManager.java:584)
	at com.ibm.ws.tcpchannel.internal.WorkQueueManager.workerRun(WorkQueueManager.java:968)
	at com.ibm.ws.tcpchannel.internal.WorkQueueManager$Worker.run(WorkQueueManager.java:1057)
	at com.ibm.ws.threading.internal.ExecutorServiceImpl$RunnableWrapper.run(ExecutorServiceImpl.java:245)
	at java.util.concurrent.ThreadPoolExecutor.runWorker(ThreadPoolExecutor.java:1149)
	at java.util.concurrent.ThreadPoolExecutor$Worker.run(ThreadPoolExecutor.java:624)
	at java.lang.Thread.run(Thread.java:748)
Caused by: java.lang.NoClassDefFoundError: pruebasjaas/PersonalCallbackHandler
	at io.openliberty.guides.jaas.MyLoginController.doPost(MyLoginController.java:39)
	at javax.servlet.http.HttpServlet.service(HttpServlet.java:706)
	at javax.servlet.http.HttpServlet.service(HttpServlet.java:791)
	at com.ibm.ws.webcontainer.servlet.ServletWrapper.service(ServletWrapper.java:1258)
	... 29 more
Caused by: java.lang.ClassNotFoundException: pruebasjaas.PersonalCallbackHandler
	at com.ibm.ws.classloading.internal.AppClassLoader.findClassCommonLibraryClassLoaders(AppClassLoader.java:748)
	at com.ibm.ws.classloading.internal.AppClassLoader.findClass(AppClassLoader.java:319)
	at com.ibm.ws.classloading.internal.AppClassLoader.findOrDelegateLoadClass(AppClassLoader.java:720)
	at com.ibm.ws.classloading.internal.AppClassLoader.loadClass(AppClassLoader.java:592)
	at com.ibm.ws.classloading.internal.AppClassLoader.loadClass(AppClassLoader.java:559)
	at java.lang.ClassLoader.loadClass(ClassLoader.java:357)
	... 33 more

Dump of callerThis
Object type = com.ibm.ws.webcontainer.filter.FilterInstanceWrapper
  FILTER_STATE_UNINITIALIZED = 0
  FILTER_STATE_INITIALIZING = 1
  FILTER_STATE_AVAILABLE = 2
  FILTER_STATE_DESTROYING = 3
  FILTER_STATE_DESTROYED = 4
  FILTER_STATE_UNAVAILABLE = 5
  _filterName = "com.ibm.ws.security.jaspi.servlet.filter"
  _filterInstance = class com.ibm.ws.security.jaspi.JaspiServletFilter@6545e266
    serialVersionUID = -1292833612206940252
    $$$tc$$$ = class com.ibm.websphere.ras.TraceComponent@30634751
      strings[0] = "TraceComponent[com.ibm.ws.security.jaspi.JaspiServletFilter,class com.ibm.ws.security.jaspi.JaspiServletFilter,[security],com.ibm.ws.security.jaspi.internal.resources.JaspiMessages,null]"
  _filterState = 2
  nServicing = class java.util.concurrent.atomic.AtomicInteger@665d3628
    serialVersionUID = 6214790243416807050
    unsafe = class sun.misc.Unsafe@78ea0bde
      theUnsafe = class sun.misc.Unsafe@78ea0bde
      INVALID_FIELD_OFFSET = -1
      ARRAY_BOOLEAN_BASE_OFFSET = 16
      ARRAY_BYTE_BASE_OFFSET = 16
      ARRAY_SHORT_BASE_OFFSET = 16
      ARRAY_CHAR_BASE_OFFSET = 16
      ARRAY_INT_BASE_OFFSET = 16
      ARRAY_LONG_BASE_OFFSET = 16
      ARRAY_FLOAT_BASE_OFFSET = 16
      ARRAY_DOUBLE_BASE_OFFSET = 16
      ARRAY_OBJECT_BASE_OFFSET = 16
      ARRAY_BOOLEAN_INDEX_SCALE = 1
      ARRAY_BYTE_INDEX_SCALE = 1
      ARRAY_SHORT_INDEX_SCALE = 2
      ARRAY_CHAR_INDEX_SCALE = 2
      ARRAY_INT_INDEX_SCALE = 4
      ARRAY_LONG_INDEX_SCALE = 8
      ARRAY_FLOAT_INDEX_SCALE = 4
      ARRAY_DOUBLE_INDEX_SCALE = 8
      ARRAY_OBJECT_INDEX_SCALE = 4
      ADDRESS_SIZE = 8
    valueOffset = 12
    value = 0
    serialVersionUID = -8742448824652078965
  logger = class com.ibm.ws.logging.internal.WsLogger@859ca89
    ivCachedResourceBundleName = null
    ivCachedResourceBundle = null
    ivComponent = null
    ivOrganization = null
    ivProduct = null
    ivMinimumLocalizationLevelIntValue = 625
    ivTC = class com.ibm.websphere.ras.TraceComponent@45d41dd0
      strings[0] = "TraceComponent[com.ibm.ws.webcontainer.filter,class com.ibm.wsspi.webcontainer.logging.LoggerFactory$1,[com.ibm.ws.webcontainer.filter],null,null]"
    loggerRegistrationComponent = class java.lang.ThreadLocal@194ab73a
      threadLocalHashCode = 900898382
      nextHashCode = class java.util.concurrent.atomic.AtomicInteger@6a15ddb6
      HASH_INCREMENT = 1640531527
    emptyHandlers = class java.util.logging.Handler[0]
    offValue = 2147483647
    SYSTEM_LOGGER_RB_NAME = "sun.util.logging.resources.logging"
    SYSTEM_BUNDLE = class java.util.logging.Logger$LoggerBundle@3d477ed3
      resourceBundleName = "sun.util.logging.resources.logging"
      userBundle = null
    NO_RESOURCE_BUNDLE = class java.util.logging.Logger$LoggerBundle@7b0ce670
      resourceBundleName = null
      userBundle = null
    manager = class com.ibm.ws.kernel.boot.logging.WsLogManager@37336d4c
      CONFIGURE_BY_SERVER_PROPERTY_NAME = "java.util.logging.configureByServer"
      CONFIGURE_BY_LOGGING_PROPERTIES_FILE = "java.util.logging.configureByLoggingPropertiesFile"
      configureByServer = true
      configureByLoggingProperties = false
      wsLogger = class java.lang.reflect.Constructor@3f9a6bce
      resetEnabled = true
      svBinaryLoggingEnable = false
      manager = class com.ibm.ws.kernel.boot.logging.WsLogManager@37336d4c
      props = class java.util.Properties@34840de0
      defaultLevel = class java.util.logging.Level@2f32f0cf
      listenerMap = class java.util.HashMap@22e816cb
      systemContext = class java.util.logging.LogManager$SystemLoggerContext@f07a3b3
      userContext = class java.util.logging.LogManager$LoggerContext@632f6d86
      rootLogger = class java.util.logging.LogManager$RootLogger@7750870e
      readPrimordialConfiguration = true
      initializedGlobalHandlers = true
      deathImminent = false
      initializedCalled = true
      initializationDone = true
      contextsMap = null
      loggerRefQueue = class java.lang.ref.ReferenceQueue@15ec8961
      MAX_ITERATIONS = 400
      controlPermission = class java.util.logging.LoggingPermission@2744aa54
      loggingMXBean = null
      LOGGING_MXBEAN_NAME = "java.util.logging:type=Logging"
      $assertionsDisabled = true
    name = "com.ibm.ws.webcontainer.filter"
    handlers = class java.util.concurrent.CopyOnWriteArrayList@23aa5901
      serialVersionUID = 8673264195747942595
      lock = class java.util.concurrent.locks.ReentrantLock@333271f3
      array = class java.lang.Object[0]
      UNSAFE = class sun.misc.Unsafe@78ea0bde
      lockOffset = 12
    loggerBundle = class java.util.logging.Logger$LoggerBundle@259d0a41
      resourceBundleName = "com.ibm.ws.webcontainer.resources.Messages"
      userBundle = null
    useParentHandlers = true
    filter = null
    anonymous = false
    catalog = class com.ibm.ws.webcontainer.resources.Messages_es@15cb1482
      resources = class [Ljava.lang.Object;[338]
      lookup = class java.util.HashMap@3ef8ca1
      INITIAL_CACHE_SIZE = 32
      NONEXISTENT_BUNDLE = class java.util.ResourceBundle$1@2eeafb17
      cacheList = class java.util.concurrent.ConcurrentHashMap@7451ddd7
      referenceQueue = class java.lang.ref.ReferenceQueue@58ab68c
      parent = class com.ibm.ws.webcontainer.resources.Messages@14623ca2
      locale = class java.util.Locale@5efe69ca
      name = "com.ibm.ws.webcontainer.resources.Messages"
      expired = false
      cacheKey = class java.util.ResourceBundle$CacheKey@7722ba65
      keySet = null
      providers = null
      $assertionsDisabled = true
    catalogName = "com.ibm.ws.webcontainer.resources.Messages"
    catalogLocale = class java.util.Locale@64d8356b
      LOCALECACHE = class java.util.Locale$Cache@34196a6f
      ENGLISH = class java.util.Locale@64f794b6
      FRENCH = class java.util.Locale@6d1cb446
      GERMAN = class java.util.Locale@46a3b47a
      ITALIAN = class java.util.Locale@3996e4d3
      JAPANESE = class java.util.Locale@611c9573
      KOREAN = class java.util.Locale@692ab392
      CHINESE = class java.util.Locale@3271daa9
      SIMPLIFIED_CHINESE = class java.util.Locale@3c4f1048
      TRADITIONAL_CHINESE = class java.util.Locale@39fdbdbf
      FRANCE = class java.util.Locale@5773f31
      GERMANY = class java.util.Locale@396f19a4
      ITALY = class java.util.Locale@7d668391
      JAPAN = class java.util.Locale@2922c9c7
      KOREA = class java.util.Locale@1590e565
      CHINA = class java.util.Locale@3c4f1048
      PRC = class java.util.Locale@3c4f1048
      TAIWAN = class java.util.Locale@39fdbdbf
      UK = class java.util.Locale@54736c4a
      US = class java.util.Locale@1dc0075e
      CANADA = class java.util.Locale@221399d0
      CANADA_FRENCH = class java.util.Locale@30bafb3a
      ROOT = class java.util.Locale@3797cea0
      PRIVATE_USE_EXTENSION = x
      UNICODE_LOCALE_EXTENSION = u
      serialVersionUID = 9149081749638150636
      DISPLAY_LANGUAGE = 0
      DISPLAY_COUNTRY = 1
      DISPLAY_VARIANT = 2
      DISPLAY_SCRIPT = 3
      baseLocale = class sun.util.locale.BaseLocale@6203d20e
      localeExtensions = null
      hashCodeValue = 96768422
      defaultLocale = class java.util.Locale@64d8356b
      defaultDisplayLocale = null
      defaultFormatLocale = class java.util.Locale@64d8356b
      languageTag = "es-CO"
      serialPersistentFields = class java.io.ObjectStreamField[6]
      isoLanguages = null
      isoCountries = null
      $assertionsDisabled = true
    treeLock = class java.lang.Object@295ae4b3
    parent = class com.ibm.ws.logging.internal.WsLogger@6290971b
      ivCachedResourceBundleName = "com.ibm.ws.webcontainer.resources.Messages"
      ivCachedResourceBundle = class com.ibm.ws.webcontainer.resources.Messages_es@15cb1482
      ivComponent = null
      ivOrganization = null
      ivProduct = null
      ivMinimumLocalizationLevelIntValue = 625
      ivTC = class com.ibm.websphere.ras.TraceComponent@615dbee2
      loggerRegistrationComponent = class java.lang.ThreadLocal@194ab73a
      emptyHandlers = class java.util.logging.Handler[0]
      offValue = 2147483647
      SYSTEM_LOGGER_RB_NAME = "sun.util.logging.resources.logging"
      SYSTEM_BUNDLE = class java.util.logging.Logger$LoggerBundle@3d477ed3
      NO_RESOURCE_BUNDLE = class java.util.logging.Logger$LoggerBundle@7b0ce670
      manager = class com.ibm.ws.kernel.boot.logging.WsLogManager@37336d4c
      name = "com.ibm.ws.webcontainer"
      handlers = class java.util.concurrent.CopyOnWriteArrayList@4d1eec4a
      loggerBundle = class java.util.logging.Logger$LoggerBundle@50a62af5
      useParentHandlers = true
      filter = null
      anonymous = false
      catalog = class com.ibm.ws.webcontainer.resources.Messages_es@15cb1482
      catalogName = "com.ibm.ws.webcontainer.resources.Messages"
      catalogLocale = class java.util.Locale@64d8356b
      treeLock = class java.lang.Object@295ae4b3
      parent = class java.util.logging.Logger@5cb5e5f7
      kids = class java.util.ArrayList@70ae86f
      levelObject = class java.util.logging.Level@2f32f0cf
      levelValue = 800
      callersClassLoaderRef = class java.lang.ref.WeakReference@3dcc2878
      isSystemLogger = false
      GLOBAL_LOGGER_NAME = "global"
      global = class java.util.logging.Logger@12ab9074
      $assertionsDisabled = true
    kids = null
    levelObject = class java.util.logging.Level@2f32f0cf
      defaultBundle = "sun.util.logging.resources.logging"
      name = "INFO"
      value = 800
      resourceBundleName = "sun.util.logging.resources.logging"
      localizedLevelName = "INFORMACIÓN"
      cachedLocale = class java.util.Locale@64d8356b
      OFF = class java.util.logging.Level@6fbbf39d
      SEVERE = class java.util.logging.Level@655be7b7
      WARNING = class java.util.logging.Level@53d96e2d
      INFO = class java.util.logging.Level@2f32f0cf
      CONFIG = class java.util.logging.Level@243faf55
      FINE = class java.util.logging.Level@14a89754
      FINER = class java.util.logging.Level@2e74bc29
      FINEST = class java.util.logging.Level@36c417cc
      ALL = class java.util.logging.Level@6f585346
      serialVersionUID = -8176160795706313070
    levelValue = 800
    callersClassLoaderRef = class java.lang.ref.WeakReference@7465e9ac
      referent = class org.eclipse.osgi.internal.loader.EquinoxClassLoader@187a9dab
      queue = class java.lang.ref.ReferenceQueue$Null@8d7aaa4
      next = null
      discovered = null
      lock = class java.lang.ref.Reference$Lock@dd51030
      pending = null
    isSystemLogger = false
    GLOBAL_LOGGER_NAME = "global"
    global = class java.util.logging.Logger@12ab9074
      emptyHandlers = class java.util.logging.Handler[0]
      offValue = 2147483647
      SYSTEM_LOGGER_RB_NAME = "sun.util.logging.resources.logging"
      SYSTEM_BUNDLE = class java.util.logging.Logger$LoggerBundle@3d477ed3
      NO_RESOURCE_BUNDLE = class java.util.logging.Logger$LoggerBundle@7b0ce670
      manager = class com.ibm.ws.kernel.boot.logging.WsLogManager@37336d4c
      name = "global"
      handlers = class java.util.concurrent.CopyOnWriteArrayList@72a80e48
      loggerBundle = class java.util.logging.Logger$LoggerBundle@7b0ce670
      useParentHandlers = true
      filter = null
      anonymous = false
      catalog = null
      catalogName = null
      catalogLocale = null
      treeLock = class java.lang.Object@295ae4b3
      parent = class java.util.logging.Logger@5cb5e5f7
      kids = null
      levelObject = null
      levelValue = 800
      callersClassLoaderRef = null
      isSystemLogger = true
      GLOBAL_LOGGER_NAME = "global"
      global = class java.util.logging.Logger@12ab9074
      $assertionsDisabled = true
    $assertionsDisabled = true
  CLASS_NAME = "com.ibm.ws.webcontainer.filter.FilterInstanceWrapper"
  _filterEvent = null
  _filterConfig = class com.ibm.ws.webcontainer.filter.FilterConfig@132ac3ef
    tc = class com.ibm.websphere.ras.TraceComponent@78b62917
      strings[0] = "TraceComponent[com.ibm.ws.webcontainer.filter.FilterConfig,class com.ibm.ws.webcontainer.filter.FilterConfig,[webcontainer],com.ibm.ws.webcontainer.resources.LShimMessages,null]"
    dispatchMode = null
    filterClassLoader = null
    isInternal = false
    webAppConfig = class com.ibm.ws.webcontainer.osgi.webapp.WebAppConfiguration@6a809427
      webModuleMetaData = class com.ibm.ws.webcontainer.osgi.metadata.WebModuleMetaDataImpl@4adf7fcf
      webComponentMetaData = class com.ibm.ws.webcontainer.osgi.metadata.WebComponentMetaDataImpl@7edb062e
      dVirtualHost = class com.ibm.ws.webcontainer.osgi.DynamicVirtualHost@44952159
      orderedLibPaths = class java.util.Collections$UnmodifiableRandomAccessList@74407ba1
      bundleHeaders = null
      cdiEnabled = true
      CLASS_NAME = "com.ibm.ws.webcontainer.webapp.WebAppConfiguration"
      logger = class com.ibm.ws.logging.internal.WsLogger@308d85e9
      tc = class com.ibm.websphere.ras.TraceComponent@519e0e0b
      nls = class com.ibm.ejs.ras.TraceNLS@7815a45a
      version = 31
      contextRoot = "/"
      isDefaultContextRootUsed = false
      sessionTimeout = 0
      moduleSessionTimeoutSet = false
      moduleSessionTrackingModeSet = false
      sessionCookieConfig = class com.ibm.ws.session.SessionCookieConfigImpl@774801d9
      hasProgrammaticCookieConfig = false
      sessionDefaultTrackingModeSet = class java.util.RegularEnumSet@3d5ded68
      sessionManagerConfig = class com.ibm.ws.session.SessionManagerConfig@1b11669b
      displayName = "Liberty Project"
      description = null
      reloadInterval = 0
      distributable = false
      denyUncoveredHttpMethods = true
      reloadingEnabled = false
      serveServletsByClassnameEnabled = false
      defaultErrorPage = null
      additionalClassPath = null
      fileServingEnabled = null
      directoryBrowsingEnabled = false
      autoRequestEncoding = false
      autoResponseEncoding = false
      autoLoadFilters = false
      requestListeners = null
      requestAttributeListeners = null
      sessionListeners = null
      localeMap = null
      moduleName = "guide-security-intro"
      j2eeModuleName = "guide-security-intro.war"
      moduleId = null
      isSyncToThreadEnabled = false
      encodeDispatchedRequestURI = false
      isSystemApp = false
      ardEnabled = false
      ardDispatchType = null
      listeners = class java.util.ArrayList@4ef326d7
      welcomeFileList = class java.util.ArrayList@7902b019
      servletMappings = class java.util.HashMap@2b6624fc
      lastIndexBeforeDeclaredFilters = 1
      filterMappings = class java.util.ArrayList@3bd3bab5
      servletInfo = class java.util.concurrent.ConcurrentHashMap@6c41f686
      filterInfo = class java.util.HashMap@af116f
      mimeMappings = class java.util.HashMap@1af48442
      mimeFilters = null
      isMimeFilteringEnabled = false
      theWebGroup = null
      jspAttributes = class java.util.HashMap@3cd483bb
      fileServingAttributes = class java.util.HashMap@5fc2a761
      invokerAttributes = class java.util.HashMap@271ee19f
      contextParams = class java.util.HashMap@19f6b7aa
      virtualHost = "default_host"
      exceptionErrorPages = class java.util.HashMap@1273674
      codeErrorPages = class java.util.HashMap@4b94709e
      tagLibList = null
      precompileJsps = false
      webApp = class com.ibm.ws.webcontainer40.osgi.webapp.WebApp40@4729836b
      virtualHostList = class java.util.Collections$EmptyList@1bd6626a
      appStartupWeight = 0
      moduleStartupWeight = 0
      metaDataComplete = false
      classesToScan = class java.util.ArrayList@37b1dd5d
      uriFilterMappingInfos = class java.util.ArrayList@f9dc949
      servletFilterMappingInfos = class java.util.ArrayList@67e558a4
      dynamicServletRegistrationMap = null
      applicationName = "guide-security-intro.war"
      libBinPathList = class java.util.ArrayList@4f08a300
      webXmlDefinedListeners = class java.util.HashSet@766ac489
      allRefs = class java.util.EnumMap@175c9c8c
      allRefBindings = class java.util.EnumMap@5a31d6bb
      envEntryValues = class java.util.HashMap@502b7e5e
      resourceRefConfigList = null
      disallowAllFileServingProp = "false"
      disallowServeServletsByClassnameProp = "true"
      disableStaticMappingCache = false
      jspCachedLocations = class java.util.HashMap@7045a65e
      primedSTSHeader = "NoValue"
      enablemultireadofpostdata = false
      requestEncoding = null
      responseEncoding = null
      NULLSERVLETNAME = "com.ibm.ws.webcontainer.NullServletName"
      _id = "WebAppGeneratedId1"
      _attributes = null
      serialVersionUID = 7511545662945734886
      $$$tc$$$ = class com.ibm.websphere.ras.TraceComponent@6bb68fd8
    filter = null
    filterClass = class java.lang.Class@5a32a642
      ANNOTATION = 8192
      ENUM = 16384
      SYNTHETIC = 4096
      cachedConstructor = null
      newInstanceCallerCache = null
      name = "com.ibm.ws.security.jaspi.JaspiServletFilter"
      allPermDomain = class java.security.ProtectionDomain@77f81257
      useCaches = true
      reflectionData = class java.lang.ref.SoftReference@59809467
      classRedefinedCount = 0
      genericInfo = class sun.reflect.generics.repository.ClassRepository@69e89213
      serialVersionUID = 3206093459760846163
      serialPersistentFields = class java.io.ObjectStreamField[0]
      reflectionFactory = class sun.reflect.ReflectionFactory@4c04287d
      initted = true
      enumConstants = null
      enumConstantDirectory = null
      annotationData = class java.lang.Class$AnnotationData@516f7e3f
      annotationType = null
      classValueMap = null
    urlPatternMappings = class java.util.ArrayList@35cb4085
      serialVersionUID = 8683452581122892189
      DEFAULT_CAPACITY = 10
      EMPTY_ELEMENTDATA = class java.lang.Object[0]
      DEFAULTCAPACITY_EMPTY_ELEMENTDATA = class java.lang.Object[0]
      elementData = class java.lang.Object[10]
      size = 1
      MAX_ARRAY_SIZE = 2147483639
      modCount = 1
      MAX_ARRAY_SIZE = 2147483639
    servletNameMappings = null
    nls = class com.ibm.ejs.ras.TraceNLS@3fe964be
      resolver = class com.ibm.ws.logging.internal.TraceNLSResolver@51bab8fb
      finder = null
      ivBundleName = "com.ibm.ws.webcontainer.resources.Messages"
      caller = class java.lang.Class@1d02107d
    logger = class com.ibm.ws.logging.internal.WsLogger@326769d9
      ivCachedResourceBundleName = "com.ibm.ws.webcontainer.resources.Messages"
      ivCachedResourceBundle = class com.ibm.ws.webcontainer.resources.Messages_es@15cb1482
      ivComponent = null
      ivOrganization = null
      ivProduct = null
      ivMinimumLocalizationLevelIntValue = 625
      ivTC = class com.ibm.websphere.ras.TraceComponent@227dfa88
      loggerRegistrationComponent = class java.lang.ThreadLocal@194ab73a
      emptyHandlers = class java.util.logging.Handler[0]
      offValue = 2147483647
      SYSTEM_LOGGER_RB_NAME = "sun.util.logging.resources.logging"
      SYSTEM_BUNDLE = class java.util.logging.Logger$LoggerBundle@3d477ed3
      NO_RESOURCE_BUNDLE = class java.util.logging.Logger$LoggerBundle@7b0ce670
      manager = class com.ibm.ws.kernel.boot.logging.WsLogManager@37336d4c
      name = "com.ibm.ws.webcontainer.servlet"
      handlers = class java.util.concurrent.CopyOnWriteArrayList@65462860
      loggerBundle = class java.util.logging.Logger$LoggerBundle@6622c211
      useParentHandlers = true
      filter = null
      anonymous = false
      catalog = class com.ibm.ws.webcontainer.resources.Messages_es@15cb1482
      catalogName = "com.ibm.ws.webcontainer.resources.Messages"
      catalogLocale = class java.util.Locale@64d8356b
      treeLock = class java.lang.Object@295ae4b3
      parent = class com.ibm.ws.logging.internal.WsLogger@6290971b
      kids = null
      levelObject = class java.util.logging.Level@2f32f0cf
      levelValue = 800
      callersClassLoaderRef = class java.lang.ref.WeakReference@1c798324
      isSystemLogger = false
      GLOBAL_LOGGER_NAME = "global"
      global = class java.util.logging.Logger@12ab9074
      $assertionsDisabled = true
    CLASS_NAME = "com.ibm.ws.webcontainer.servlet.TargetConfig"
    initParams = null
    fileName = null
    displayName = "com.ibm.ws.security.jaspi.servlet.filter"
    name = "com.ibm.ws.security.jaspi.servlet.filter"
    description = null
    smallIcon = null
    largeIcon = null
    context = class com.ibm.ws.webcontainer40.facade.ServletContextFacade40@729c129e
      context = class com.ibm.ws.webcontainer40.osgi.webapp.WebApp40@4729836b
    className = null
    asyncSupported = true
    _id = "com.ibm.ws.security.jaspi.servlet.filter"
    _attributes = null
    serialVersionUID = 7511545662945734886
    $$$tc$$$ = class com.ibm.websphere.ras.TraceComponent@6bb68fd8
      strings[0] = "TraceComponent[com.ibm.ws.container.BaseConfiguration,class com.ibm.ws.container.BaseConfiguration,[],null,null]"
  _eventSource = class com.ibm.ws.webcontainer.webapp.WebAppEventSource@73ab7edd
    _invocationListeners = class com.ibm.ws.webcontainer.util.EventListeners@6772292b
      EMPTY_LISTENERS = interface java.util.EventListener[0]
      logger = class com.ibm.ws.logging.internal.WsLogger@dacac3a
      CLASS_NAME = "com.ibm.ws.webcontainer.util.EventListeners"
      listeners = interface java.util.EventListener[0]
    _servletListeners = class com.ibm.ws.webcontainer.util.EventListeners@116e3ced
      EMPTY_LISTENERS = interface java.util.EventListener[0]
      logger = class com.ibm.ws.logging.internal.WsLogger@dacac3a
      CLASS_NAME = "com.ibm.ws.webcontainer.util.EventListeners"
      listeners = interface java.util.EventListener[0]
    _errorListeners = class com.ibm.ws.webcontainer.util.EventListeners@2e597efe
      EMPTY_LISTENERS = interface java.util.EventListener[0]
      logger = class com.ibm.ws.logging.internal.WsLogger@dacac3a
      CLASS_NAME = "com.ibm.ws.webcontainer.util.EventListeners"
      listeners = interface java.util.EventListener[0]
    _applicationListeners = class com.ibm.ws.webcontainer.util.EventListeners@d71a04
      EMPTY_LISTENERS = interface java.util.EventListener[0]
      logger = class com.ibm.ws.logging.internal.WsLogger@dacac3a
      CLASS_NAME = "com.ibm.ws.webcontainer.util.EventListeners"
      listeners = interface java.util.EventListener[0]
    _filterInvocationListeners = class com.ibm.ws.webcontainer.util.EventListeners@769a5044
      EMPTY_LISTENERS = interface java.util.EventListener[0]
      logger = class com.ibm.ws.logging.internal.WsLogger@dacac3a
      CLASS_NAME = "com.ibm.ws.webcontainer.util.EventListeners"
      listeners = interface java.util.EventListener[0]
    _filterListeners = class com.ibm.ws.webcontainer.util.EventListeners@16f3832e
      EMPTY_LISTENERS = interface java.util.EventListener[0]
      logger = class com.ibm.ws.logging.internal.WsLogger@dacac3a
      CLASS_NAME = "com.ibm.ws.webcontainer.util.EventListeners"
      listeners = interface java.util.EventListener[0]
    _filterErrorListeners = class com.ibm.ws.webcontainer.util.EventListeners@73b8b180
      EMPTY_LISTENERS = interface java.util.EventListener[0]
      logger = class com.ibm.ws.logging.internal.WsLogger@dacac3a
      CLASS_NAME = "com.ibm.ws.webcontainer.util.EventListeners"
      listeners = interface java.util.EventListener[0]
  _managedObject = class com.ibm.ws.cdi.impl.managedobject.CDIManagedObject@56da3c31
    tc = class com.ibm.websphere.ras.TraceComponent@534d5895
      strings[0] = "TraceComponent[com.ibm.ws.cdi.impl.managedobject.CDIManagedObject,class com.ibm.ws.cdi.impl.managedobject.CDIManagedObject,[JCDI],com.ibm.ws.cdi.internal.resources.CDI,null]"
    managedObject = class com.ibm.ws.security.jaspi.JaspiServletFilter@6545e266
    creationalContext = class org.jboss.weld.contexts.CreationalContextImpl@51e1d4b3
      serialVersionUID = 7375854583908262422
      SERIALIZATION_PROXY = class org.jboss.weld.contexts.CreationalContextImpl$SerializationProxy@5ab34002
      incompleteInstances = null
      contextual = null
      dependentInstances = class java.util.Collections$SynchronizedRandomAccessList@1e3f1f2e
      parentDependentInstances = class java.util.Collections$SynchronizedRandomAccessList@41a40416
      parentCreationalContext = null
      resourceReferences = null
      constructorInterceptionSuppressed = false
      aroundConstructCallbacks = null
      aroundConstructInterceptionContext = null
    injectionTarget = class org.jboss.weld.injection.producer.BeanInjectionTarget@5a7fd0d
      bean = null
      beanManager = class org.jboss.weld.manager.BeanManagerImpl@40d4447
      type = class org.jboss.weld.annotated.slim.backed.BackedAnnotatedType@7bd1d6ba
      injectionPoints = class java.util.Collections$EmptySet@22207a38
      instantiator = class org.jboss.weld.injection.producer.DefaultInstantiator@2b54766e
      injector = class org.jboss.weld.injection.producer.ResourceInjector@4df4ca45
      invoker = class org.jboss.weld.injection.producer.DefaultLifecycleCallbackInvoker@2c11e359
    lifecycleManaged = true
    beanScope = null
    identity = "com.ibm.ws.security.jaspi.JaspiServletFilter@6545e266"
    websphereInjectionServices = class com.ibm.ws.cdi.impl.weld.injection.WebSphereInjectionServicesImpl@32008441
      tc = class com.ibm.websphere.ras.TraceComponent@9484536
      ANNOTATIONS_KNOWN_TO_WELD = class java.util.HashSet@5dbba092
      referenceContextMap = class java.util.concurrent.ConcurrentHashMap@15a92f13
      referenceContexts = class java.util.Collections$SetFromMap@92aa5cf
      injectionTargetListeners = class java.util.concurrent.ConcurrentHashMap@6da6ec11
      deployment = class com.ibm.ws.cdi.impl.weld.WebSphereCDIDeploymentImpl@6d196e07
      serialVersionUID = 2515575801175940133
    currentInjectionTargets = null
    currentInjectionContext = null
    serialVersionUID = 642874158156701263

