------Start of DE processing------ = [1/04/22 05:11:14:719 COT]
Exception = com.ibm.websphere.servlet.error.ServletErrorReport
Source = com.ibm.ws.webcontainer.filter.WebAppFilterChain.doFilter
probeid = 82
Stack Dump = com.ibm.websphere.servlet.error.ServletErrorReport: java.lang.NoClassDefFoundError: pruebasjaas/PersonalCallbackHandler
	at com.ibm.ws.webcontainer.servlet.ServletWrapper.service(ServletWrapper.java:1356)
	at com.ibm.ws.webcontainer.servlet.ServletWrapper.handleRequest(ServletWrapper.java:746)
	at com.ibm.ws.webcontainer.servlet.ServletWrapper.handleRequest(ServletWrapper.java:443)
	at com.ibm.ws.webcontainer.filter.WebAppFilterChain.invokeTarget(WebAppFilterChain.java:193)
	at com.ibm.ws.webcontainer.filter.WebAppFilterChain.doFilter(WebAppFilterChain.java:98)
	at com.ibm.ws.security.jaspi.JaspiServletFilter.doFilter(JaspiServletFilter.java:56)
	at com.ibm.ws.webcontainer.filter.FilterInstanceWrapper.doFilter(FilterInstanceWrapper.java:201)
	at com.ibm.ws.webcontainer.filter.WebAppFilterChain.doFilter(WebAppFilterChain.java:91)
	at com.ibm.ws.webcontainer.filter.WebAppFilterManager.doFilter(WebAppFilterManager.java:1002)
	at com.ibm.ws.webcontainer.filter.WebAppFilterManager.invokeFilters(WebAppFilterManager.java:1140)
	at com.ibm.ws.webcontainer.webapp.WebApp.handleRequest(WebApp.java:5049)
	at com.ibm.ws.webcontainer.osgi.DynamicVirtualHost$2.handleRequest(DynamicVirtualHost.java:316)
	at com.ibm.ws.webcontainer.WebContainer.handleRequest(WebContainer.java:1007)
	at com.ibm.ws.webcontainer.osgi.DynamicVirtualHost$2.run(DynamicVirtualHost.java:281)
	at com.ibm.ws.http.dispatcher.internal.channel.HttpDispatcherLink$TaskWrapper.run(HttpDispatcherLink.java:1184)
	at com.ibm.ws.http.dispatcher.internal.channel.HttpDispatcherLink.wrapHandlerAndExecute(HttpDispatcherLink.java:453)
	at com.ibm.ws.http.dispatcher.internal.channel.HttpDispatcherLink.ready(HttpDispatcherLink.java:412)
	at com.ibm.ws.http.channel.internal.inbound.HttpInboundLink.handleDiscrimination(HttpInboundLink.java:566)
	at com.ibm.ws.http.channel.internal.inbound.HttpInboundLink.handleNewRequest(HttpInboundLink.java:500)
	at com.ibm.ws.http.channel.internal.inbound.HttpInboundLink.processRequest(HttpInboundLink.java:360)
	at com.ibm.ws.http.channel.internal.inbound.HttpICLReadCallback.complete(HttpICLReadCallback.java:70)
	at com.ibm.ws.channel.ssl.internal.SSLReadServiceContext$SSLReadCompletedCallback.complete(SSLReadServiceContext.java:1824)
	at com.ibm.ws.tcpchannel.internal.WorkQueueManager.requestComplete(WorkQueueManager.java:514)
	at com.ibm.ws.tcpchannel.internal.WorkQueueManager.attemptIO(WorkQueueManager.java:584)
	at com.ibm.ws.tcpchannel.internal.WorkQueueManager.workerRun(WorkQueueManager.java:968)
	at com.ibm.ws.tcpchannel.internal.WorkQueueManager$Worker.run(WorkQueueManager.java:1057)
	at com.ibm.ws.threading.internal.ExecutorServiceImpl$RunnableWrapper.run(ExecutorServiceImpl.java:245)
	at java.util.concurrent.ThreadPoolExecutor.runWorker(ThreadPoolExecutor.java:1149)
	at java.util.concurrent.ThreadPoolExecutor$Worker.run(ThreadPoolExecutor.java:624)
	at java.lang.Thread.run(Thread.java:748)
Caused by: java.lang.NoClassDefFoundError: pruebasjaas/PersonalCallbackHandler
	at io.openliberty.guides.jaas.MyLoginController.doPost(MyLoginController.java:39)
	at javax.servlet.http.HttpServlet.service(HttpServlet.java:706)
	at javax.servlet.http.HttpServlet.service(HttpServlet.java:791)
	at com.ibm.ws.webcontainer.servlet.ServletWrapper.service(ServletWrapper.java:1258)
	... 29 more
Caused by: java.lang.ClassNotFoundException: pruebasjaas.PersonalCallbackHandler
	at com.ibm.ws.classloading.internal.AppClassLoader.findClassCommonLibraryClassLoaders(AppClassLoader.java:748)
	at com.ibm.ws.classloading.internal.AppClassLoader.findClass(AppClassLoader.java:319)
	at com.ibm.ws.classloading.internal.AppClassLoader.findOrDelegateLoadClass(AppClassLoader.java:720)
	at com.ibm.ws.classloading.internal.AppClassLoader.loadClass(AppClassLoader.java:592)
	at com.ibm.ws.classloading.internal.AppClassLoader.loadClass(AppClassLoader.java:559)
	at java.lang.ClassLoader.loadClass(ClassLoader.java:357)
	... 33 more

Dump of callerThis
Object type = com.ibm.ws.webcontainer.filter.WebAppFilterChain
  _filters = class java.util.ArrayList@37f4ded6
    serialVersionUID = 8683452581122892189
    DEFAULT_CAPACITY = 10
    EMPTY_ELEMENTDATA = class java.lang.Object[0]
    DEFAULTCAPACITY_EMPTY_ELEMENTDATA = class java.lang.Object[0]
    elementData = class java.lang.Object[5]
      Object[0] = class com.ibm.ws.webcontainer.filter.FilterInstanceWrapper@69087979
      Object[1] = null
      Object[2] = null
      Object[3] = null
      Object[4] = null
    size = 1
    MAX_ARRAY_SIZE = 2147483639
    modCount = 1
    MAX_ARRAY_SIZE = 2147483639
  _currentFilterIndex = 1
  _numberOfFilters = 1
  requestProcessor = class com.ibm.ws.webcontainer.osgi.servlet.ServletWrapper@581b250c
    serialVersionUID = 1
    _mo = class com.ibm.ws.cdi.impl.managedobject.CDIManagedObject@30f58e3
      tc = class com.ibm.websphere.ras.TraceComponent@534d5895
      managedObject = class io.openliberty.guides.jaas.MyLoginController@5e56e1a6
      creationalContext = class org.jboss.weld.contexts.CreationalContextImpl@574f5bb3
      injectionTarget = class org.jboss.weld.injection.producer.BeanInjectionTarget@76bc0f4d
      lifecycleManaged = true
      beanScope = null
      identity = "io.openliberty.guides.jaas.MyLoginController@5e56e1a6"
      websphereInjectionServices = class com.ibm.ws.cdi.impl.weld.injection.WebSphereInjectionServicesImpl@32008441
      currentInjectionTargets = null
      currentInjectionContext = null
      serialVersionUID = 642874158156701263
    serialVersionUID = -4479626085298397598
    notifyInvocationListeners = false
    UNINITIALIZED_STATE = -1
    AVAILABLE_STATE = 0
    UNAVAILABLE_STATE = 1
    UNAVAILABLE_PERMANENTLY_STATE = 2
    collabHelper = class com.ibm.ws.webcontainer.osgi.collaborator.CollaboratorHelperImpl@4b5ad97a
    nServicing = class java.util.concurrent.atomic.AtomicInteger@6f038360
      serialVersionUID = 6214790243416807050
      unsafe = class sun.misc.Unsafe@78ea0bde
      valueOffset = 12
      value = 0
      serialVersionUID = -8742448824652078965
    lastAccessTime = 1648807839159
    state = 0
    logger = class com.ibm.ws.logging.internal.WsLogger@326769d9
      ivCachedResourceBundleName = "com.ibm.ws.webcontainer.resources.Messages"
      ivCachedResourceBundle = class com.ibm.ws.webcontainer.resources.Messages_es@15cb1482
      ivComponent = null
      ivOrganization = null
      ivProduct = null
      ivMinimumLocalizationLevelIntValue = 625
      ivTC = class com.ibm.websphere.ras.TraceComponent@227dfa88
      loggerRegistrationComponent = class java.lang.ThreadLocal@194ab73a
      emptyHandlers = class java.util.logging.Handler[0]
      offValue = 2147483647
      SYSTEM_LOGGER_RB_NAME = "sun.util.logging.resources.logging"
      SYSTEM_BUNDLE = class java.util.logging.Logger$LoggerBundle@3d477ed3
      NO_RESOURCE_BUNDLE = class java.util.logging.Logger$LoggerBundle@7b0ce670
      manager = class com.ibm.ws.kernel.boot.logging.WsLogManager@37336d4c
      name = "com.ibm.ws.webcontainer.servlet"
      handlers = class java.util.concurrent.CopyOnWriteArrayList@65462860
      loggerBundle = class java.util.logging.Logger$LoggerBundle@6622c211
      useParentHandlers = true
      filter = null
      anonymous = false
      catalog = class com.ibm.ws.webcontainer.resources.Messages_es@15cb1482
      catalogName = "com.ibm.ws.webcontainer.resources.Messages"
      catalogLocale = class java.util.Locale@64d8356b
      treeLock = class java.lang.Object@295ae4b3
      parent = class com.ibm.ws.logging.internal.WsLogger@6290971b
      kids = null
      levelObject = class java.util.logging.Level@2f32f0cf
      levelValue = 800
      callersClassLoaderRef = class java.lang.ref.WeakReference@1c798324
      isSystemLogger = false
      GLOBAL_LOGGER_NAME = "global"
      global = class java.util.logging.Logger@12ab9074
      $assertionsDisabled = true
    CLASS_NAME = "com.ibm.ws.webcontainer.servlet.ServletWrapper"
    nls = class com.ibm.ejs.ras.TraceNLS@418cf476
      resolver = class com.ibm.ws.logging.internal.TraceNLSResolver@51bab8fb
      finder = null
      ivBundleName = "com.ibm.ws.webcontainer.resources.Messages"
      caller = class java.lang.Class@343d523d
    servletConfig = class com.ibm.ws.webcontainer.servlet.ServletConfig@12ef57bc
      logger = class com.ibm.ws.logging.internal.WsLogger@326769d9
      CLASS_NAME = "com.ibm.ws.webcontainer.servlet.ServletConfig"
      nls = class com.ibm.ejs.ras.TraceNLS@2ddcd804
      liberty_nls = class com.ibm.ejs.ras.TraceNLS@61a6521d
      enabled = true
      servletName = "io.openliberty.guides.jaas.MyLoginController"
      className = "io.openliberty.guides.jaas.MyLoginController"
      mappings = class java.util.ArrayList@249bb2f2
      startUpWeight = -1
      DEFAULT_STARTUP = -1
      isCachingEnabled = true
      isStatisticsEnabled = true
      isInternal = false
      metaData = class com.ibm.ws.webcontainer.osgi.metadata.WebComponentMetaDataImpl@4092679e
      singleThreadModelServlet = false
      isJsp = false
      webAppConfig = class com.ibm.ws.webcontainer.osgi.webapp.WebAppConfiguration@6a809427
      servletWrapper = class com.ibm.ws.webcontainer.osgi.servlet.ServletWrapper@581b250c
      servletClass = null
      servlet = null
      addedToLoadOnStartup = true
      previousWeight = null
      multipartConfig = null
      multipartConfigBaseLocation = null
      runAsRole = null
      servletSecurityElement = null
      declareRolesAnnotation = null
      logger = class com.ibm.ws.logging.internal.WsLogger@326769d9
      CLASS_NAME = "com.ibm.ws.webcontainer.servlet.TargetConfig"
      initParams = null
      fileName = null
      displayName = null
      name = "io.openliberty.guides.jaas.MyLoginController"
      description = null
      smallIcon = null
      largeIcon = null
      context = class com.ibm.ws.webcontainer40.facade.ServletContextFacade40@729c129e
      className = null
      asyncSupported = false
      _id = "ServletGeneratedId2"
      _attributes = null
      serialVersionUID = 7511545662945734886
      $$$tc$$$ = class com.ibm.websphere.ras.TraceComponent@6bb68fd8
    context = class com.ibm.ws.webcontainer40.osgi.webapp.WebApp40@4729836b
    target = class io.openliberty.guides.jaas.MyLoginController@5e56e1a6
      serialVersionUID = 1
      METHOD_DELETE = "DELETE"
      METHOD_HEAD = "HEAD"
      METHOD_GET = "GET"
      METHOD_OPTIONS = "OPTIONS"
      METHOD_POST = "POST"
      METHOD_PUT = "PUT"
      METHOD_TRACE = "TRACE"
      HEADER_IFMODSINCE = "If-Modified-Since"
      HEADER_LASTMOD = "Last-Modified"
      LSTRING_FILE = "javax.servlet.http.LocalStrings"
      lStrings = class java.util.PropertyResourceBundle@91d38b0
      LSTRING_FILE = "javax.servlet.LocalStrings"
      lStrings = class java.util.PropertyResourceBundle@313cc293
      config = class com.ibm.ws.webcontainer.servlet.ServletConfig@12ef57bc
    cacheWrappers = null
    targetLoader = class com.ibm.ws.classloading.internal.ThreadContextClassLoader@633beb12
    evtSource = class com.ibm.ws.webcontainer.webapp.WebAppEventSource@73ab7edd
    event = class com.ibm.websphere.servlet.event.ServletEvent@7b3a3d4b
      serialVersionUID = 3906650803920713522
      _servletName = "io.openliberty.guides.jaas.MyLoginController"
      _servletClassName = "io.openliberty.guides.jaas.MyLoginController"
      $$$tc$$$ = class com.ibm.websphere.ras.TraceComponent@7457b3cb
      serialVersionUID = 3546927969739289392
      _context = class com.ibm.ws.webcontainer40.facade.ServletContextFacade40@729c129e
      _servletNames = class com.ibm.ws.webcontainer.util.EmptyEnumeration@24a278e3
      $$$tc$$$ = class com.ibm.websphere.ras.TraceComponent@75362c79
      serialVersionUID = 5516075349620653480
      source = class com.ibm.ws.webcontainer.osgi.servlet.ServletWrapper@581b250c
    unavailableMessage = null
    unavailableUntil = -1
    isSTM = false
    internalServlet = false
    webAppInvocationCollaborators = null
    platformHelper = class com.ibm.ws.webcontainer.PlatformHelper@721aaa54
    webAppNameSpaceCollab = class com.ibm.ws.webcontainer.osgi.collaborator.WebAppNameSpaceCollaboratorImpl@25d324da
    txCollab = class com.ibm.ws.transaction.services.WebAppTransactionCollaboratorImpl@7cefff41
    connCollab = class com.ibm.ws.webcontainer.collaborator.ConnectionHandleCollaborator@5493df25
      tc = class com.ibm.websphere.ras.TraceComponent@791f47af
      threadContext = class com.ibm.ws.threadContext.ThreadContextImpl@696d4158
    suppressServletExceptionLogging = false
    throwExceptionEnum = class java.util.RegularEnumSet@3ca930bc
      serialVersionUID = 3411599620347842686
      elements = 256
      elementType = class java.lang.Class@5da6e8b6
      universe = class com.ibm.wsspi.webcontainer.collaborator.CollaboratorInvocationEnum[9]
      ZERO_LENGTH_ENUM_ARRAY = class java.lang.Enum[0]
      MAX_ARRAY_SIZE = 2147483639
    discernUnavailableServlet = false
    reInitServletonInitUnavailableException = true
    destroyServletonServiceUnavailableException = false
    servlet23 = true
    PARAMS_HEAD_TRACE = class java.lang.Class[2]
      Class[0] = class java.lang.Class@638dd91f
      Class[1] = class java.lang.Class@2586e247
    defaultHeadMethodInUse = false
    defaultTraceMethodInUse = false
    checkedForDefaultMethods = null
    defaultTraceRequestBehavior = false
    defaultHeadRequestBehavior = false
    useOriginalRequestState = false
    warningStatusSet = false
    LSTRING_FILE = "javax.servlet.LocalStrings"
    lStrings = class java.util.PropertyResourceBundle@313cc293
      lookup = class java.util.HashMap@3e9197da
      INITIAL_CACHE_SIZE = 32
      NONEXISTENT_BUNDLE = class java.util.ResourceBundle$1@2eeafb17
      cacheList = class java.util.concurrent.ConcurrentHashMap@7451ddd7
      referenceQueue = class java.lang.ref.ReferenceQueue@58ab68c
      parent = null
      locale = class java.util.Locale@3797cea0
      name = "javax.servlet.LocalStrings"
      expired = false
      cacheKey = class java.util.ResourceBundle$CacheKey@4edca906
      keySet = null
      providers = null
      $assertionsDisabled = true
    config = null
  _filtersDefined = true
  logger = class com.ibm.ws.logging.internal.WsLogger@859ca89
    ivCachedResourceBundleName = null
    ivCachedResourceBundle = null
    ivComponent = null
    ivOrganization = null
    ivProduct = null
    ivMinimumLocalizationLevelIntValue = 625
    ivTC = class com.ibm.websphere.ras.TraceComponent@45d41dd0
      strings[0] = "TraceComponent[com.ibm.ws.webcontainer.filter,class com.ibm.wsspi.webcontainer.logging.LoggerFactory$1,[com.ibm.ws.webcontainer.filter],null,null]"
    loggerRegistrationComponent = class java.lang.ThreadLocal@194ab73a
      threadLocalHashCode = 900898382
      nextHashCode = class java.util.concurrent.atomic.AtomicInteger@6a15ddb6
      HASH_INCREMENT = 1640531527
    emptyHandlers = class java.util.logging.Handler[0]
    offValue = 2147483647
    SYSTEM_LOGGER_RB_NAME = "sun.util.logging.resources.logging"
    SYSTEM_BUNDLE = class java.util.logging.Logger$LoggerBundle@3d477ed3
      resourceBundleName = "sun.util.logging.resources.logging"
      userBundle = null
    NO_RESOURCE_BUNDLE = class java.util.logging.Logger$LoggerBundle@7b0ce670
      resourceBundleName = null
      userBundle = null
    manager = class com.ibm.ws.kernel.boot.logging.WsLogManager@37336d4c
      CONFIGURE_BY_SERVER_PROPERTY_NAME = "java.util.logging.configureByServer"
      CONFIGURE_BY_LOGGING_PROPERTIES_FILE = "java.util.logging.configureByLoggingPropertiesFile"
      configureByServer = true
      configureByLoggingProperties = false
      wsLogger = class java.lang.reflect.Constructor@3f9a6bce
      resetEnabled = true
      svBinaryLoggingEnable = false
      manager = class com.ibm.ws.kernel.boot.logging.WsLogManager@37336d4c
      props = class java.util.Properties@34840de0
      defaultLevel = class java.util.logging.Level@2f32f0cf
      listenerMap = class java.util.HashMap@22e816cb
      systemContext = class java.util.logging.LogManager$SystemLoggerContext@f07a3b3
      userContext = class java.util.logging.LogManager$LoggerContext@632f6d86
      rootLogger = class java.util.logging.LogManager$RootLogger@7750870e
      readPrimordialConfiguration = true
      initializedGlobalHandlers = true
      deathImminent = false
      initializedCalled = true
      initializationDone = true
      contextsMap = null
      loggerRefQueue = class java.lang.ref.ReferenceQueue@15ec8961
      MAX_ITERATIONS = 400
      controlPermission = class java.util.logging.LoggingPermission@2744aa54
      loggingMXBean = null
      LOGGING_MXBEAN_NAME = "java.util.logging:type=Logging"
      $assertionsDisabled = true
    name = "com.ibm.ws.webcontainer.filter"
    handlers = class java.util.concurrent.CopyOnWriteArrayList@23aa5901
      serialVersionUID = 8673264195747942595
      lock = class java.util.concurrent.locks.ReentrantLock@333271f3
      array = class java.lang.Object[0]
      UNSAFE = class sun.misc.Unsafe@78ea0bde
      lockOffset = 12
    loggerBundle = class java.util.logging.Logger$LoggerBundle@259d0a41
      resourceBundleName = "com.ibm.ws.webcontainer.resources.Messages"
      userBundle = null
    useParentHandlers = true
    filter = null
    anonymous = false
    catalog = class com.ibm.ws.webcontainer.resources.Messages_es@15cb1482
      resources = class [Ljava.lang.Object;[338]
      lookup = class java.util.HashMap@3ef8ca1
      INITIAL_CACHE_SIZE = 32
      NONEXISTENT_BUNDLE = class java.util.ResourceBundle$1@2eeafb17
      cacheList = class java.util.concurrent.ConcurrentHashMap@7451ddd7
      referenceQueue = class java.lang.ref.ReferenceQueue@58ab68c
      parent = class com.ibm.ws.webcontainer.resources.Messages@14623ca2
      locale = class java.util.Locale@5efe69ca
      name = "com.ibm.ws.webcontainer.resources.Messages"
      expired = false
      cacheKey = class java.util.ResourceBundle$CacheKey@7722ba65
      keySet = null
      providers = null
      $assertionsDisabled = true
    catalogName = "com.ibm.ws.webcontainer.resources.Messages"
    catalogLocale = class java.util.Locale@64d8356b
      LOCALECACHE = class java.util.Locale$Cache@34196a6f
      ENGLISH = class java.util.Locale@64f794b6
      FRENCH = class java.util.Locale@6d1cb446
      GERMAN = class java.util.Locale@46a3b47a
      ITALIAN = class java.util.Locale@3996e4d3
      JAPANESE = class java.util.Locale@611c9573
      KOREAN = class java.util.Locale@692ab392
      CHINESE = class java.util.Locale@3271daa9
      SIMPLIFIED_CHINESE = class java.util.Locale@3c4f1048
      TRADITIONAL_CHINESE = class java.util.Locale@39fdbdbf
      FRANCE = class java.util.Locale@5773f31
      GERMANY = class java.util.Locale@396f19a4
      ITALY = class java.util.Locale@7d668391
      JAPAN = class java.util.Locale@2922c9c7
      KOREA = class java.util.Locale@1590e565
      CHINA = class java.util.Locale@3c4f1048
      PRC = class java.util.Locale@3c4f1048
      TAIWAN = class java.util.Locale@39fdbdbf
      UK = class java.util.Locale@54736c4a
      US = class java.util.Locale@1dc0075e
      CANADA = class java.util.Locale@221399d0
      CANADA_FRENCH = class java.util.Locale@30bafb3a
      ROOT = class java.util.Locale@3797cea0
      PRIVATE_USE_EXTENSION = x
      UNICODE_LOCALE_EXTENSION = u
      serialVersionUID = 9149081749638150636
      DISPLAY_LANGUAGE = 0
      DISPLAY_COUNTRY = 1
      DISPLAY_VARIANT = 2
      DISPLAY_SCRIPT = 3
      baseLocale = class sun.util.locale.BaseLocale@6203d20e
      localeExtensions = null
      hashCodeValue = 96768422
      defaultLocale = class java.util.Locale@64d8356b
      defaultDisplayLocale = null
      defaultFormatLocale = class java.util.Locale@64d8356b
      languageTag = "es-CO"
      serialPersistentFields = class java.io.ObjectStreamField[6]
      isoLanguages = null
      isoCountries = null
      $assertionsDisabled = true
    treeLock = class java.lang.Object@295ae4b3
    parent = class com.ibm.ws.logging.internal.WsLogger@6290971b
      ivCachedResourceBundleName = "com.ibm.ws.webcontainer.resources.Messages"
      ivCachedResourceBundle = class com.ibm.ws.webcontainer.resources.Messages_es@15cb1482
      ivComponent = null
      ivOrganization = null
      ivProduct = null
      ivMinimumLocalizationLevelIntValue = 625
      ivTC = class com.ibm.websphere.ras.TraceComponent@615dbee2
      loggerRegistrationComponent = class java.lang.ThreadLocal@194ab73a
      emptyHandlers = class java.util.logging.Handler[0]
      offValue = 2147483647
      SYSTEM_LOGGER_RB_NAME = "sun.util.logging.resources.logging"
      SYSTEM_BUNDLE = class java.util.logging.Logger$LoggerBundle@3d477ed3
      NO_RESOURCE_BUNDLE = class java.util.logging.Logger$LoggerBundle@7b0ce670
      manager = class com.ibm.ws.kernel.boot.logging.WsLogManager@37336d4c
      name = "com.ibm.ws.webcontainer"
      handlers = class java.util.concurrent.CopyOnWriteArrayList@4d1eec4a
      loggerBundle = class java.util.logging.Logger$LoggerBundle@50a62af5
      useParentHandlers = true
      filter = null
      anonymous = false
      catalog = class com.ibm.ws.webcontainer.resources.Messages_es@15cb1482
      catalogName = "com.ibm.ws.webcontainer.resources.Messages"
      catalogLocale = class java.util.Locale@64d8356b
      treeLock = class java.lang.Object@295ae4b3
      parent = class java.util.logging.Logger@5cb5e5f7
      kids = class java.util.ArrayList@70ae86f
      levelObject = class java.util.logging.Level@2f32f0cf
      levelValue = 800
      callersClassLoaderRef = class java.lang.ref.WeakReference@3dcc2878
      isSystemLogger = false
      GLOBAL_LOGGER_NAME = "global"
      global = class java.util.logging.Logger@12ab9074
      $assertionsDisabled = true
    kids = null
    levelObject = class java.util.logging.Level@2f32f0cf
      defaultBundle = "sun.util.logging.resources.logging"
      name = "INFO"
      value = 800
      resourceBundleName = "sun.util.logging.resources.logging"
      localizedLevelName = "INFORMACIÓN"
      cachedLocale = class java.util.Locale@64d8356b
      OFF = class java.util.logging.Level@6fbbf39d
      SEVERE = class java.util.logging.Level@655be7b7
      WARNING = class java.util.logging.Level@53d96e2d
      INFO = class java.util.logging.Level@2f32f0cf
      CONFIG = class java.util.logging.Level@243faf55
      FINE = class java.util.logging.Level@14a89754
      FINER = class java.util.logging.Level@2e74bc29
      FINEST = class java.util.logging.Level@36c417cc
      ALL = class java.util.logging.Level@6f585346
      serialVersionUID = -8176160795706313070
    levelValue = 800
    callersClassLoaderRef = class java.lang.ref.WeakReference@7465e9ac
      referent = class org.eclipse.osgi.internal.loader.EquinoxClassLoader@187a9dab
      queue = class java.lang.ref.ReferenceQueue$Null@8d7aaa4
      next = null
      discovered = null
      lock = class java.lang.ref.Reference$Lock@dd51030
      pending = null
    isSystemLogger = false
    GLOBAL_LOGGER_NAME = "global"
    global = class java.util.logging.Logger@12ab9074
      emptyHandlers = class java.util.logging.Handler[0]
      offValue = 2147483647
      SYSTEM_LOGGER_RB_NAME = "sun.util.logging.resources.logging"
      SYSTEM_BUNDLE = class java.util.logging.Logger$LoggerBundle@3d477ed3
      NO_RESOURCE_BUNDLE = class java.util.logging.Logger$LoggerBundle@7b0ce670
      manager = class com.ibm.ws.kernel.boot.logging.WsLogManager@37336d4c
      name = "global"
      handlers = class java.util.concurrent.CopyOnWriteArrayList@72a80e48
      loggerBundle = class java.util.logging.Logger$LoggerBundle@7b0ce670
      useParentHandlers = true
      filter = null
      anonymous = false
      catalog = null
      catalogName = null
      catalogLocale = null
      treeLock = class java.lang.Object@295ae4b3
      parent = class java.util.logging.Logger@5cb5e5f7
      kids = null
      levelObject = null
      levelValue = 800
      callersClassLoaderRef = null
      isSystemLogger = true
      GLOBAL_LOGGER_NAME = "global"
      global = class java.util.logging.Logger@12ab9074
      $assertionsDisabled = true
    $assertionsDisabled = true
  CLASS_NAME = "com.ibm.ws.webcontainer.filter.WebAppFilterChain"
  webapp = class com.ibm.ws.webcontainer40.osgi.webapp.WebApp40@4729836b
    tc = class com.ibm.websphere.ras.TraceComponent@178959e8
      strings[0] = "TraceComponent[com.ibm.ws.webcontainer40.osgi.webapp.WebApp40,class com.ibm.ws.webcontainer40.osgi.webapp.WebApp40,[webcontainer],com.ibm.ws.webcontainer31.resources.Messages,null]"
    servlet40NLS = class com.ibm.ejs.ras.TraceNLS@12a23791
      resolver = class com.ibm.ws.logging.internal.TraceNLSResolver@51bab8fb
      finder = null
      ivBundleName = "com.ibm.ws.webcontainer40.resources.Messages"
      caller = class java.lang.Class@18c25354
    CLASS_NAME = "com.ibm.ws.webcontainer40.osgi.webapp.WebApp40"
    defaultSessionTimeout = 30
    tc = class com.ibm.websphere.ras.TraceComponent@a2b3ba8
      strings[0] = "TraceComponent[com.ibm.ws.webcontainer31.osgi.webapp.WebApp31,class com.ibm.ws.webcontainer31.osgi.webapp.WebApp31,[webcontainer],com.ibm.ws.webcontainer31.resources.Messages,null]"
    CLASS_NAME = "com.ibm.ws.webcontainer31.osgi.webapp.WebApp31"
    servlet31NLS = class com.ibm.ejs.ras.TraceNLS@43da2c23
      resolver = class com.ibm.ws.logging.internal.TraceNLSResolver@51bab8fb
      finder = null
      ivBundleName = "com.ibm.ws.webcontainer31.resources.Messages"
      caller = class java.lang.Class@19d8c6b4
    validListenerClasses = class java.lang.Class[7]
      Class[0] = class java.lang.Class@5d8586c0
      Class[1] = class java.lang.Class@33fc0786
      Class[2] = class java.lang.Class@26e981a4
      Class[3] = class java.lang.Class@2284dfbb
      Class[4] = class java.lang.Class@7c5248b9
      Class[5] = class java.lang.Class@201c7ddf
      Class[6] = class java.lang.Class@110af2c4
    wsocServHandler = null
    tc = class com.ibm.websphere.ras.TraceComponent@27d09f7a
      strings[0] = "TraceComponent[com.ibm.ws.webcontainer.osgi.webapp.WebApp,class com.ibm.ws.webcontainer.osgi.webapp.WebApp,[webcontainer],com.ibm.ws.webcontainer.resources.LShimMessages,null]"
    CLASS_NAME = "com.ibm.ws.webcontainer.osgi.webapp.WebApp"
    metaDataService = class com.ibm.ws.container.service.metadata.internal.MetaDataServiceImpl@4ad58244
      applicationMetaDataManager = class com.ibm.ws.container.service.metadata.internal.ApplicationMetaDataManager@7f2c5c9e
      moduleMetaDataManager = class com.ibm.ws.container.service.metadata.internal.ModuleMetaDataManager@237f34eb
      componentMetaDataManager = class com.ibm.ws.container.service.metadata.internal.ComponentMetaDataManager@1d7865ce
      methodMetaDataManager = class com.ibm.ws.container.service.metadata.internal.MethodMetaDataManager@1ecaef5e
      appModuleNameToModuleContainer = class java.util.concurrent.ConcurrentHashMap@31f98b5
      jeeNameToComponentMetaData = class java.util.concurrent.ConcurrentHashMap@599d3c51
      deferredMetaDataFactories = class com.ibm.wsspi.kernel.service.utils.ConcurrentServiceReferenceSet@71564b9
      deferredMetaDataInitializers = class com.ibm.wsspi.kernel.service.utils.ConcurrentServiceReferenceMap@4e6ccb1a
      serialVersionUID = -2494605732980966097
      $$$tc$$$ = class com.ibm.websphere.ras.TraceComponent@21b1dcc
    namespacePopulated = false
    referenceContext = class com.ibm.ws.injectionengine.osgi.internal.OSGiReferenceContextImpl@3c2b2398
      scopeData = class com.ibm.ws.injectionengine.osgi.internal.OSGiInjectionScopeData@40799dee
      serialVersionUID = 521511923892134915
      $$$tc$$$ = class com.ibm.websphere.ras.TraceComponent@7cc9c174
      CLASS_NAME = "com.ibm.ws.injectionengine.ReferenceContextImpl"
      tc = class com.ibm.websphere.ras.TraceComponent@35aac21f
      ivInjectionEngine = class com.ibm.ws.injectionengine.osgi.internal.OSGiInjectionEngineImpl@3be4590a
      ivProviders = class java.util.ArrayList@62dbb035
      ivComponentJavaContext = null
      ivComponentNameSpace = null
      ivJavaColonCompEnvMap = class java.util.LinkedHashMap@1eb48dc2
      ivEjbContext10 = class java.util.Properties@42dc18a1
      ivResourceRefConfigList = class com.ibm.ws.resource.internal.ResourceRefConfigListImpl@5b6935f9
      isAlreadyProcessed = true
      ivProcessFailure = null
      ivInjectionTargetMap = class java.util.concurrent.ConcurrentHashMap@648c6cb9
      svInjTarMapCacheSize = 256
      ivDeclaredInjectionTargets = class java.util.HashMap@5e6c2777
      ivProcessedInjectionClasses = class java.util.HashSet@7cd7250b
      svInjClassMapCacheSize = 512
      ivProcessedInjectionBindings = class java.util.LinkedHashSet@6e830195
      ivAnyProcessDynamic = true
      ivCheckAppConfig = false
    j2eeNameFactory = class com.ibm.ws.container.service.metadata.internal.J2EENameFactoryImpl@78a91425
      serialVersionUID = 3486344295038028821
      $$$tc$$$ = class com.ibm.websphere.ras.TraceComponent@49c5366
    moduleLoader = class com.ibm.ws.classloading.internal.AppClassLoader@50555a9e
      tc = class com.ibm.websphere.ras.TraceComponent@5bcbf188
      forbiddenClassNames = class java.util.Collections$UnmodifiableSet@77ecefe2
      FORBIDDEN_PROPERTIES = "forbidden.properties"
      disableSharedClassesCache = false
      PARENT_FIRST_SEARCH_ORDER = class java.util.Collections$UnmodifiableRandomAccessList@521d35bf
      packagesDefined = class java.util.Collections$SetFromMap@36f2e4d5
      CLASS_LOADING_TRACE_PREFIX = "com.ibm.ws.class.load."
      DEFAULT_PACKAGE = "default.package"
      perPackageClassLoadingTraceComponents = class java.util.concurrent.ConcurrentHashMap@2b48824b
      config = class com.ibm.ws.classloading.internal.ClassLoaderConfigurationImpl@3b4beb3f
      privateLibraries = null
      delegateLoaders = class com.ibm.ws.classloading.internal.util.CompositeIterable@408124
      nativeLibraryFiles = class java.util.ArrayList@213519b5
      transformers = class java.util.ArrayList@4e008d02
      systemTransformers = class java.util.Collections$EmptyList@1bd6626a
      apiAccess = class com.ibm.ws.classloading.internal.GatewayClassLoader@271c7976
      generator = class com.ibm.ws.classloading.internal.ClassGeneratorManager@2af695ee
      protectionDomains = class java.util.concurrent.ConcurrentHashMap@2ebb7835
      hook = null
      serialVersionUID = 6298584331839778391
      tc = class com.ibm.websphere.ras.TraceComponent@558fb401
      smartClassPath = class com.ibm.ws.classloading.internal.ContainerClassLoader$SmartClassPathImpl@274a34e6
      nativeLibraryContainers = class java.util.ArrayList@6de8c590
      redefiner = class com.ibm.ws.classloading.internal.util.ClassRedefiner@732f6426
      jarProtocol = "wsjar:"
      mapCreationQueue = class java.util.concurrent.Executors$FinalizableDelegatedExecutorService@6a0c0a6
      serialVersionUID = 2907229643147424365
      parent = class com.ibm.ws.classloading.internal.GatewayClassLoader@271c7976
      serialVersionUID = 7632539847817580154
      $$$tc$$$ = class com.ibm.websphere.ras.TraceComponent@c0186c5
      initialized = true
      pdcache = class java.util.HashMap@703b3990
      debug = null
      parent = class com.ibm.ws.classloading.internal.GatewayClassLoader@271c7976
      parallelLockMap = class java.util.concurrent.ConcurrentHashMap@5b54a642
      package2certs = class java.util.concurrent.ConcurrentHashMap@5352f75a
      nocerts = class java.security.cert.Certificate[0]
      classes = class java.util.Vector@5377a866
      defaultDomain = class java.security.ProtectionDomain@7aa9fc21
      domains = class java.util.Collections$SynchronizedSet@4313380
      packages = class java.util.HashMap@401dfc7b
      scl = class sun.misc.Launcher$AppClassLoader@4e0e2f2a
      sclSet = true
      loadedLibraryNames = class java.util.Vector@25fb60ab
      systemNativeLibraries = class java.util.Vector@149c972c
      nativeLibraries = class java.util.Vector@2e474886
      nativeLibraryContext = class java.util.Stack@4e534edf
      usr_paths = class java.lang.String[30]
      sys_paths = class java.lang.String[1]
      assertionLock = class java.lang.Object@1bbae19b
      defaultAssertionStatus = false
      packageAssertionStatus = null
      classAssertionStatus = null
    webAppConfig = class com.ibm.ws.webcontainer.osgi.webapp.WebAppConfiguration@6a809427
      webModuleMetaData = class com.ibm.ws.webcontainer.osgi.metadata.WebModuleMetaDataImpl@4adf7fcf
      webComponentMetaData = class com.ibm.ws.webcontainer.osgi.metadata.WebComponentMetaDataImpl@7edb062e
      dVirtualHost = class com.ibm.ws.webcontainer.osgi.DynamicVirtualHost@44952159
      orderedLibPaths = class java.util.Collections$UnmodifiableRandomAccessList@74407ba1
      bundleHeaders = null
      cdiEnabled = true
      CLASS_NAME = "com.ibm.ws.webcontainer.webapp.WebAppConfiguration"
      logger = class com.ibm.ws.logging.internal.WsLogger@308d85e9
      tc = class com.ibm.websphere.ras.TraceComponent@519e0e0b
      nls = class com.ibm.ejs.ras.TraceNLS@7815a45a
      version = 31
      contextRoot = "/"
      isDefaultContextRootUsed = false
      sessionTimeout = 0
      moduleSessionTimeoutSet = false
      moduleSessionTrackingModeSet = false
      sessionCookieConfig = class com.ibm.ws.session.SessionCookieConfigImpl@774801d9
      hasProgrammaticCookieConfig = false
      sessionDefaultTrackingModeSet = class java.util.RegularEnumSet@3d5ded68
      sessionManagerConfig = class com.ibm.ws.session.SessionManagerConfig@1b11669b
      displayName = "Liberty Project"
      description = null
      reloadInterval = 0
      distributable = false
      denyUncoveredHttpMethods = true
      reloadingEnabled = false
      serveServletsByClassnameEnabled = false
      defaultErrorPage = null
      additionalClassPath = null
      fileServingEnabled = null
      directoryBrowsingEnabled = false
      autoRequestEncoding = false
      autoResponseEncoding = false
      autoLoadFilters = false
      requestListeners = null
      requestAttributeListeners = null
      sessionListeners = null
      localeMap = null
      moduleName = "guide-security-intro"
      j2eeModuleName = "guide-security-intro.war"
      moduleId = null
      isSyncToThreadEnabled = false
      encodeDispatchedRequestURI = false
      isSystemApp = false
      ardEnabled = false
      ardDispatchType = null
      listeners = class java.util.ArrayList@4ef326d7
      welcomeFileList = class java.util.ArrayList@7902b019
      servletMappings = class java.util.HashMap@2b6624fc
      lastIndexBeforeDeclaredFilters = 1
      filterMappings = class java.util.ArrayList@3bd3bab5
      servletInfo = class java.util.concurrent.ConcurrentHashMap@6c41f686
      filterInfo = class java.util.HashMap@af116f
      mimeMappings = class java.util.HashMap@1af48442
      mimeFilters = null
      isMimeFilteringEnabled = false
      theWebGroup = null
      jspAttributes = class java.util.HashMap@3cd483bb
      fileServingAttributes = class java.util.HashMap@5fc2a761
      invokerAttributes = class java.util.HashMap@271ee19f
      contextParams = class java.util.HashMap@19f6b7aa
      virtualHost = "default_host"
      exceptionErrorPages = class java.util.HashMap@1273674
      codeErrorPages = class java.util.HashMap@4b94709e
      tagLibList = null
      precompileJsps = false
      webApp = class com.ibm.ws.webcontainer40.osgi.webapp.WebApp40@4729836b
      virtualHostList = class java.util.Collections$EmptyList@1bd6626a
      appStartupWeight = 0
      moduleStartupWeight = 0
      metaDataComplete = false
      classesToScan = class java.util.ArrayList@37b1dd5d
      uriFilterMappingInfos = class java.util.ArrayList@f9dc949
      servletFilterMappingInfos = class java.util.ArrayList@67e558a4
      dynamicServletRegistrationMap = null
      applicationName = "guide-security-intro.war"
      libBinPathList = class java.util.ArrayList@4f08a300
      webXmlDefinedListeners = class java.util.HashSet@766ac489
      allRefs = class java.util.EnumMap@175c9c8c
      allRefBindings = class java.util.EnumMap@5a31d6bb
      envEntryValues = class java.util.HashMap@502b7e5e
      resourceRefConfigList = null
      disallowAllFileServingProp = "false"
      disallowServeServletsByClassnameProp = "true"
      disableStaticMappingCache = false
      jspCachedLocations = class java.util.HashMap@7045a65e
      primedSTSHeader = "NoValue"
      enablemultireadofpostdata = false
      requestEncoding = null
      responseEncoding = null
      NULLSERVLETNAME = "com.ibm.ws.webcontainer.NullServletName"
      _id = "WebAppGeneratedId1"
      _attributes = null
      serialVersionUID = 7511545662945734886
      $$$tc$$$ = class com.ibm.websphere.ras.TraceComponent@6bb68fd8
    extensionProcessingDisabled = false
    managedObjectService = class com.ibm.ws.cdi.impl.managedobject.CDIManagedObjectService@16105034
      defaultMOS = class com.ibm.ws.managedobject.internal.ManagedObjectServiceImpl@28338590
      cdiRuntime = class com.ibm.ws.cdi.liberty.CDIRuntimeImpl@376635ca
      isActive = class java.util.concurrent.atomic.AtomicBoolean@2255b0f9
      serialVersionUID = 5211943849551391960
      $$$tc$$$ = class com.ibm.websphere.ras.TraceComponent@2d5fe827
    internalServletMetaData = interface com.ibm.wsspi.webcontainer.metadata.WebComponentMetaData[2]
      WebComponentMetaData[0] = null
      WebComponentMetaData[1] = null
    loginProcessor = null
    logoutProcessor = null
    collabHelper = class com.ibm.ws.webcontainer.osgi.collaborator.CollaboratorHelperImpl@4b5ad97a
      webAppInvCollabs = class java.util.Collections$UnmodifiableSet@2e92cbb
      securityDomainForApp = null
      logger = class com.ibm.ws.logging.internal.WsLogger@50cc234d
      staticDefaultSecurityCollaborator = class com.ibm.ws.webcontainer.collaborator.WebAppSecurityCollaborator@552737d2
      logger = class com.ibm.ws.logging.internal.WsLogger@652fa2c0
      CLASS_NAME = "com.ibm.wsspi.webcontainer.collaborator.CollaboratorHelper"
      webApp = class com.ibm.ws.webcontainer40.osgi.webapp.WebApp40@4729836b
      securityCollaborator = class com.ibm.ws.webcontainer.security.WebAppSecurityCollaboratorImpl@2e68c62a
      nameSpaceCollaborator = class com.ibm.ws.webcontainer.osgi.collaborator.WebAppNameSpaceCollaboratorImpl@25d324da
      transactionCollaborator = class com.ibm.ws.transaction.services.WebAppTransactionCollaboratorImpl@7cefff41
      connectionCollaborator = class com.ibm.ws.webcontainer.collaborator.ConnectionHandleCollaborator@5493df25
      allCollabEnum = class java.util.RegularEnumSet@1f8f5ee1
      servlet_23_or_greater = true
      DEFER_SERVLET_REQUEST_LISTENER_DESTROY_ON_ERROR = false
    envObject = class com.ibm.ws.util.WSThreadLocal@51c26224
      tc = class com.ibm.ejs.ras.TraceComponent@364e247
      count = 9
      index = 2
      SUSPECTED_MISUSAGE_THRESHOLD = 200
      threadLocalHashCode = 236201830
      nextHashCode = class java.util.concurrent.atomic.AtomicInteger@6a15ddb6
      HASH_INCREMENT = 1640531527
    orderedLibPaths = class java.util.Collections$UnmodifiableRandomAccessList@74407ba1
      serialVersionUID = -2542308836966382001
      serialVersionUID = -283967356065247728
      list = class java.util.ArrayList@55110566
      serialVersionUID = 1820017752578914078
      c = class java.util.ArrayList@55110566
    perm = class com.ibm.websphere.security.WebSphereRuntimePermission@2d81082a
      serialVersionUID = -3306242789188168337
      $$$tc$$$ = class com.ibm.websphere.ras.TraceComponent@ce43714
      serialVersionUID = 6279438298436773498
      wildcard = false
      path = "accessServletContext"
      exitVM = false
      serialVersionUID = -5636570222231596674
      name = "accessServletContext"
    WELCOME_FILE_LIST = "com.ibm.ws.webcontainer.config.WelcomeFileList"
    DIR_BROWSING_MAPPING = "__dirBrowsing__1648807837683"
    FILTER_PROXY_MAPPING = "/__filterProxy__1648807837683"
    logger = class com.ibm.ws.logging.internal.WsLogger@308d85e9
      ivCachedResourceBundleName = null
      ivCachedResourceBundle = null
      ivComponent = null
      ivOrganization = null
      ivProduct = null
      ivMinimumLocalizationLevelIntValue = 625
      ivTC = class com.ibm.websphere.ras.TraceComponent@32eb9e39
      loggerRegistrationComponent = class java.lang.ThreadLocal@194ab73a
      emptyHandlers = class java.util.logging.Handler[0]
      offValue = 2147483647
      SYSTEM_LOGGER_RB_NAME = "sun.util.logging.resources.logging"
      SYSTEM_BUNDLE = class java.util.logging.Logger$LoggerBundle@3d477ed3
      NO_RESOURCE_BUNDLE = class java.util.logging.Logger$LoggerBundle@7b0ce670
      manager = class com.ibm.ws.kernel.boot.logging.WsLogManager@37336d4c
      name = "com.ibm.ws.webcontainer.webapp"
      handlers = class java.util.concurrent.CopyOnWriteArrayList@d5cf495
      loggerBundle = class java.util.logging.Logger$LoggerBundle@59a50ae
      useParentHandlers = true
      filter = null
      anonymous = false
      catalog = class com.ibm.ws.webcontainer.resources.Messages_es@15cb1482
      catalogName = "com.ibm.ws.webcontainer.resources.Messages"
      catalogLocale = class java.util.Locale@64d8356b
      treeLock = class java.lang.Object@295ae4b3
      parent = class com.ibm.ws.logging.internal.WsLogger@6290971b
      kids = null
      levelObject = class java.util.logging.Level@2f32f0cf
      levelValue = 800
      callersClassLoaderRef = class java.lang.ref.WeakReference@37f2d41b
      isSystemLogger = false
      GLOBAL_LOGGER_NAME = "global"
      global = class java.util.logging.Logger@12ab9074
      $assertionsDisabled = true
    CLASS_NAME = "com.ibm.ws.webcontainer.webapp.WebApp"
    loader = class com.ibm.ws.classloading.internal.ThreadContextClassLoader@633beb12
      tc = class com.ibm.websphere.ras.TraceComponent@6132c8aa
      bundle = class java.util.concurrent.atomic.AtomicReference@4dc80def
      key = "WebModule:guide-security-intro.war#guide-security-intro.war"
      refCount = class java.util.concurrent.atomic.AtomicInteger@44f3abec
      appLoader = class com.ibm.ws.classloading.internal.AppClassLoader@50555a9e
      clSvc = class com.ibm.ws.classloading.internal.ClassLoadingServiceImpl@7a0986be
      serialVersionUID = 7417331337980111787
      tc = class com.ibm.websphere.ras.TraceComponent@1ebefc8e
      followOnClassLoaders = class java.util.ArrayList@7ef08464
      serialVersionUID = 4255658571728280816
      parent = class com.ibm.ws.classloading.internal.GatewayClassLoader@199aa6e5
      serialVersionUID = 7632539847817580154
      $$$tc$$$ = class com.ibm.websphere.ras.TraceComponent@c0186c5
      initialized = true
      pdcache = class java.util.HashMap@735a5920
      debug = null
      parent = class com.ibm.ws.classloading.internal.GatewayClassLoader@199aa6e5
      parallelLockMap = class java.util.concurrent.ConcurrentHashMap@2a2f306c
      package2certs = class java.util.concurrent.ConcurrentHashMap@1ca56fe1
      nocerts = class java.security.cert.Certificate[0]
      classes = class java.util.Vector@668c1bb5
      defaultDomain = class java.security.ProtectionDomain@47becd1d
      domains = class java.util.Collections$SynchronizedSet@14c139d6
      packages = class java.util.HashMap@232c96c8
      scl = class sun.misc.Launcher$AppClassLoader@4e0e2f2a
      sclSet = true
      loadedLibraryNames = class java.util.Vector@25fb60ab
      systemNativeLibraries = class java.util.Vector@149c972c
      nativeLibraries = class java.util.Vector@90e03e0
      nativeLibraryContext = class java.util.Stack@4e534edf
      usr_paths = class java.lang.String[30]
      sys_paths = class java.lang.String[1]
      assertionLock = class java.lang.Object@396e5fb4
      defaultAssertionStatus = false
      packageAssertionStatus = null
      classAssertionStatus = null
    facade = class com.ibm.ws.webcontainer40.facade.ServletContextFacade40@729c129e
      context = class com.ibm.ws.webcontainer40.osgi.webapp.WebApp40@4729836b
    features = class java.util.ArrayList@576e21f
      serialVersionUID = 8683452581122892189
      DEFAULT_CAPACITY = 10
      EMPTY_ELEMENTDATA = class java.lang.Object[0]
      DEFAULTCAPACITY_EMPTY_ELEMENTDATA = class java.lang.Object[0]
      elementData = class java.lang.Object[0]
      size = 0
      MAX_ARRAY_SIZE = 2147483639
      modCount = 0
      MAX_ARRAY_SIZE = 2147483639
    applicationName = "guide-security-intro.war"
    config = class com.ibm.ws.webcontainer.osgi.webapp.WebAppConfiguration@6a809427
    securityEnabledForApp = true
    webExtensionProcessor = class com.ibm.ws.webcontainer.osgi.extension.WebExtensionProcessor@20136ac3
      webApp = class com.ibm.ws.webcontainer40.osgi.webapp.WebApp40@4729836b
      extensionContext = class com.ibm.ws.webcontainer40.osgi.webapp.WebApp40@4729836b
    production = true
    isServlet23 = true
    contextPath = "/"
    internalServletList = class [Ljava.lang.String;[2]
      String[][0] = class java.lang.String[2]
      String[][1] = class java.lang.String[2]
    BY_NAME_ONLY = "/_1648807837684_/"
    filterManager = class com.ibm.ws.webcontainer.osgi.filter.WebAppFilterManagerImpl@6ef7e404
      _filterWrappers = class java.util.Hashtable@3272cd5d
      chainCache = class java.util.Collections$SynchronizedMap@4e675de
      forwardChainCache = class java.util.Collections$SynchronizedMap@645e154a
      includeChainCache = class java.util.Collections$SynchronizedMap@538c1c42
      errorChainCache = class java.util.Collections$SynchronizedMap@77b03b4b
      _filtersDefined = true
      FMI_MAPPING_SINGLE_SLASH = 0
      FMI_MAPPING_PATH_MATCH = 1
      FMI_MAPPING_EXTENSION_MATCH = 2
      FMI_MAPPING_EXACT_MATCH = 3
      logger = class com.ibm.ws.logging.internal.WsLogger@859ca89
      CLASS_NAME = "com.ibm.ws.webcontainer.filter.WebAppFilterManager"
      nls = class com.ibm.ejs.ras.TraceNLS@40cfe8e6
      webAppConfig = class com.ibm.ws.webcontainer.osgi.webapp.WebAppConfiguration@6a809427
      webApp = class com.ibm.ws.webcontainer40.osgi.webapp.WebApp40@4729836b
      collabHelper = class com.ibm.ws.webcontainer.osgi.collaborator.CollaboratorHelperImpl@4b5ad97a
      secCollab = class com.ibm.ws.webcontainer.security.WebAppSecurityCollaboratorImpl@2e68c62a
      sessionSecurityIntegrationEnabled = true
      assumeFilterSuccessOnSecurityError = false
      useOriginalRequestState = false
      _evtSource = class com.ibm.ws.webcontainer.webapp.WebAppEventSource@73ab7edd
      defaultComponentMetaData = class com.ibm.ws.webcontainer.osgi.metadata.WebComponentMetaDataImpl@7edb062e
      DEFER_SERVLET_REQUEST_LISTENER_DESTROY_ON_ERROR = false
    documentRoot = null
    SERVLET_API_VERSION = "Servlet 2.5"
    disableServletAuditLogging = -1
    serverInfo = "IBM WebSphere Liberty/22.0.0.3"
    sessionCtx = class com.ibm.ws.webcontainer31.session.impl.HttpSessionContext31Impl@675da9fa
      methodClassName = "HttpSessionContextImpl"
      _smc = class com.ibm.ws.session.SessionManagerConfig@1b11669b
      sessionStoreService = null
      _sap = class com.ibm.ws.session.SessionApplicationParameters@5c0c2bd9
      _coreHttpSessionManager = class com.ibm.ws.session.SessionManager@1a60150
      _coreHttpAppSessionManager = null
      _sam = class com.ibm.ws.webcontainer.session.impl.SessionAffinityManagerImpl@753db28e
      isSIPApplication = false
      sessionAttributeListener = true
      sessionListener = true
      mHttpSessionAttributeListeners = class java.util.ArrayList@5170a3bd
      mHttpSessionListeners = class java.util.ArrayList@6c1f18a9
      mHttpSessionIdListeners = class java.util.ArrayList@5d0238fb
      mHttpSessionAttributeListenersJ2eeNames = class java.util.ArrayList@45334817
      mHttpSessionListenersJ2eeNames = class java.util.ArrayList@118a6647
      mHttpSessionIdListenersJ2eeNames = class java.util.ArrayList@5c4fe8f
      mLocalHost = null
      _refCount = 1
      currentThreadSacHashtable = null
      methodClassName = "SessionContext"
      ANONYMOUS_USER = "anonymous"
      wasHttpSessionObserver = class com.ibm.ws.session.WasHttpSessionObserver@49cddb2c
      wasHttpSessionAttributeObserver = null
      _invalidator = class com.ibm.ws.session.SessionInvalidatorWithThreadPool@166141f2
      _storer = class com.ibm.ws.session.EOSSessionStorer@541ba527
      wasHttpAppSessionObserver = null
      mHttpAppSessionListeners = null
      cmvcInfo = "CMVC Version 1.9 6/24/07 11:12:24"
      _loggedVersion = true
      CREATE_CORE_SESSION_MANAGER = 0
      GET_REQUESTED_SESSION_ID = 1
      GET_IHTTP_SESSION = 2
      SESSION_PRE_INVOKE = 3
      SESSION_POST_INVOKE = 4
      STOP = 5
      STOP_LISTENERS = 6
      IS_VALID = 7
      ENCODE_URL = 8
      SHOULD_ENCODE_URL = 9
      IS_PROTOCOL_SWITCH = 10
      GET_LOCAL_HOST = 11
      ADD_HTTP_SESSION_ATTRIBUTE_LISTENER = 12
      ADD_HTTP_SESSION_LISTENER = 13
      GET_SESSION_AFFINITY_CONTEXT = 14
      CHECK_SECURITY = 15
      INVALIDATE = 16
      CHECK_SESSSIONID_IS_RIGHT_LENGTH = 17
      LOCK_SESSION = 18
      UNLOCK_SESSION = 19
      ADD_HTTP_SESSION_ID_LISTENER = 20
      methodNames = class java.lang.String[21]
    eventSource = class com.ibm.ws.webcontainer.webapp.WebAppEventSource@73ab7edd
      _invocationListeners = class com.ibm.ws.webcontainer.util.EventListeners@6772292b
      _servletListeners = class com.ibm.ws.webcontainer.util.EventListeners@116e3ced
      _errorListeners = class com.ibm.ws.webcontainer.util.EventListeners@2e597efe
      _applicationListeners = class com.ibm.ws.webcontainer.util.EventListeners@d71a04
      _filterInvocationListeners = class com.ibm.ws.webcontainer.util.EventListeners@769a5044
      _filterListeners = class com.ibm.ws.webcontainer.util.EventListeners@16f3832e
      _filterErrorListeners = class com.ibm.ws.webcontainer.util.EventListeners@73b8b180
    nls = class com.ibm.ejs.ras.TraceNLS@22ad7368
      resolver = class com.ibm.ws.logging.internal.TraceNLSResolver@51bab8fb
      finder = null
      ivBundleName = "com.ibm.ws.webcontainer.resources.Messages"
      caller = class java.lang.Class@6ba1fe40
    liberty_nls = class com.ibm.ejs.ras.TraceNLS@62e0178f
      resolver = class com.ibm.ws.logging.internal.TraceNLSResolver@51bab8fb
      finder = null
      ivBundleName = "com.ibm.ws.webcontainer.resources.LShimMessages"
      caller = class java.lang.Class@6ba1fe40
    error_nls = class com.ibm.ejs.ras.TraceNLS@68f87050
      resolver = class com.ibm.ws.logging.internal.TraceNLSResolver@51bab8fb
      finder = null
      ivBundleName = "com.ibm.ws.webcontainer.resources.ErrorPage"
      caller = class java.lang.Class@6ba1fe40
    sessionListeners = class java.util.ArrayList@400db604
      serialVersionUID = 8683452581122892189
      DEFAULT_CAPACITY = 10
      EMPTY_ELEMENTDATA = class java.lang.Object[0]
      DEFAULTCAPACITY_EMPTY_ELEMENTDATA = class java.lang.Object[0]
      elementData = class java.lang.Object[10]
      size = 3
      MAX_ARRAY_SIZE = 2147483639
      modCount = 4
      MAX_ARRAY_SIZE = 2147483639
    sessionIdListeners = class java.util.ArrayList@972ab5e
      serialVersionUID = 8683452581122892189
      DEFAULT_CAPACITY = 10
      EMPTY_ELEMENTDATA = class java.lang.Object[0]
      DEFAULTCAPACITY_EMPTY_ELEMENTDATA = class java.lang.Object[0]
      elementData = class java.lang.Object[0]
      size = 0
      MAX_ARRAY_SIZE = 2147483639
      modCount = 0
      MAX_ARRAY_SIZE = 2147483639
    sessionAttrListeners = class java.util.ArrayList@6b4c8990
      serialVersionUID = 8683452581122892189
      DEFAULT_CAPACITY = 10
      EMPTY_ELEMENTDATA = class java.lang.Object[0]
      DEFAULTCAPACITY_EMPTY_ELEMENTDATA = class java.lang.Object[0]
      elementData = class java.lang.Object[10]
      size = 1
      MAX_ARRAY_SIZE = 2147483639
      modCount = 2
      MAX_ARRAY_SIZE = 2147483639
    addedSessionListeners = class java.util.ArrayList@409d1e59
      serialVersionUID = 8683452581122892189
      DEFAULT_CAPACITY = 10
      EMPTY_ELEMENTDATA = class java.lang.Object[0]
      DEFAULTCAPACITY_EMPTY_ELEMENTDATA = class java.lang.Object[0]
      elementData = class java.lang.Object[0]
      size = 0
      MAX_ARRAY_SIZE = 2147483639
      modCount = 0
      MAX_ARRAY_SIZE = 2147483639
    addedSessionAttrListeners = class java.util.ArrayList@6d8d3dd8
      serialVersionUID = 8683452581122892189
      DEFAULT_CAPACITY = 10
      EMPTY_ELEMENTDATA = class java.lang.Object[0]
      DEFAULTCAPACITY_EMPTY_ELEMENTDATA = class java.lang.Object[0]
      elementData = class java.lang.Object[0]
      size = 0
      MAX_ARRAY_SIZE = 2147483639
      modCount = 0
      MAX_ARRAY_SIZE = 2147483639
    servletContextListeners = class java.util.ArrayList@71b9536c
      serialVersionUID = 8683452581122892189
      DEFAULT_CAPACITY = 10
      EMPTY_ELEMENTDATA = class java.lang.Object[0]
      DEFAULTCAPACITY_EMPTY_ELEMENTDATA = class java.lang.Object[0]
      elementData = class java.lang.Object[10]
      size = 6
      MAX_ARRAY_SIZE = 2147483639
      modCount = 7
      MAX_ARRAY_SIZE = 2147483639
    servletContextLAttrListeners = class java.util.ArrayList@7e3644c2
      serialVersionUID = 8683452581122892189
      DEFAULT_CAPACITY = 10
      EMPTY_ELEMENTDATA = class java.lang.Object[0]
      DEFAULTCAPACITY_EMPTY_ELEMENTDATA = class java.lang.Object[0]
      elementData = class java.lang.Object[10]
      size = 1
      MAX_ARRAY_SIZE = 2147483639
      modCount = 2
      MAX_ARRAY_SIZE = 2147483639
    servletRequestListeners = class java.util.ArrayList@56f1f28b
      serialVersionUID = 8683452581122892189
      DEFAULT_CAPACITY = 10
      EMPTY_ELEMENTDATA = class java.lang.Object[0]
      DEFAULTCAPACITY_EMPTY_ELEMENTDATA = class java.lang.Object[0]
      elementData = class java.lang.Object[10]
      size = 3
      MAX_ARRAY_SIZE = 2147483639
      modCount = 4
      MAX_ARRAY_SIZE = 2147483639
    servletRequestLAttrListeners = class java.util.ArrayList@52167670
      serialVersionUID = 8683452581122892189
      DEFAULT_CAPACITY = 10
      EMPTY_ELEMENTDATA = class java.lang.Object[0]
      DEFAULTCAPACITY_EMPTY_ELEMENTDATA = class java.lang.Object[0]
      elementData = class java.lang.Object[10]
      size = 1
      MAX_ARRAY_SIZE = 2147483639
      modCount = 2
      MAX_ARRAY_SIZE = 2147483639
    prependSlashToResource = false
    destroyed = false
    webAppNameSpaceCollab = class com.ibm.ws.webcontainer.osgi.collaborator.WebAppNameSpaceCollaboratorImpl@25d324da
      cmdai = class com.ibm.ws.threadContext.ComponentMetaDataAccessorImpl@45492adc
    txCollab = class com.ibm.ws.transaction.services.WebAppTransactionCollaboratorImpl@7cefff41
      tc = class com.ibm.websphere.ras.TraceComponent@4fa66523
      ltCurrentRef = class com.ibm.wsspi.kernel.service.utils.AtomicServiceReference@4f32a573
      tranMgrRef = class com.ibm.wsspi.kernel.service.utils.AtomicServiceReference@6fafe88f
      userTranRef = class com.ibm.wsspi.kernel.service.utils.AtomicServiceReference@47b3ba5f
      uowCallbackRef = class com.ibm.wsspi.kernel.service.utils.AtomicServiceReference@64d2af0e
      serialVersionUID = -8319003162899973281
    sessionActivationListeners = class java.util.ArrayList@1dabb35a
      serialVersionUID = 8683452581122892189
      DEFAULT_CAPACITY = 10
      EMPTY_ELEMENTDATA = class java.lang.Object[0]
      DEFAULTCAPACITY_EMPTY_ELEMENTDATA = class java.lang.Object[0]
      elementData = class java.lang.Object[0]
      size = 0
      MAX_ARRAY_SIZE = 2147483639
      modCount = 1
      MAX_ARRAY_SIZE = 2147483639
    sessionBindingListeners = class java.util.ArrayList@fddd187
      serialVersionUID = 8683452581122892189
      DEFAULT_CAPACITY = 10
      EMPTY_ELEMENTDATA = class java.lang.Object[0]
      DEFAULTCAPACITY_EMPTY_ELEMENTDATA = class java.lang.Object[0]
      elementData = class java.lang.Object[0]
      size = 0
      MAX_ARRAY_SIZE = 2147483639
      modCount = 1
      MAX_ARRAY_SIZE = 2147483639
    scratchdir = null
    jspClassLoaderLimit = 0
    jspClassLoaderExclusionList = null
    jspClassLoadersMap = null
    jspClassLoaderLimitTrackIF = false
    defaultExtProc = null
    directoryBrowsingServlet = null
    cdiContexts = class java.util.concurrent.ConcurrentHashMap@3314d152
      serialVersionUID = 7249069246763182397
      MAXIMUM_CAPACITY = 1073741824
      DEFAULT_CAPACITY = 16
      MAX_ARRAY_SIZE = 2147483639
      DEFAULT_CONCURRENCY_LEVEL = 16
      LOAD_FACTOR = 0.75
      TREEIFY_THRESHOLD = 8
      UNTREEIFY_THRESHOLD = 6
      MIN_TREEIFY_CAPACITY = 64
      MIN_TRANSFER_STRIDE = 16
      RESIZE_STAMP_BITS = 16
      MAX_RESIZERS = 65535
      RESIZE_STAMP_SHIFT = 16
      MOVED = -1
      TREEBIN = -2
      RESERVED = -3
      HASH_BITS = 2147483647
      NCPU = 8
      serialPersistentFields = class java.io.ObjectStreamField[3]
      table = null
      nextTable = null
      baseCount = 0
      sizeCtl = 0
      transferIndex = 0
      cellsBusy = 0
      counterCells = null
      keySet = null
      values = null
      entrySet = null
      U = class sun.misc.Unsafe@78ea0bde
      SIZECTL = 20
      TRANSFERINDEX = 32
      BASECOUNT = 24
      CELLSBUSY = 36
      CELLVALUE = 144
      ABASE = 16
      ASHIFT = 2
      keySet = null
      values = null
    moduleConfig = class com.ibm.ws.webcontainer.osgi.container.DeployedModule@30823586
      tc = class com.ibm.websphere.ras.TraceComponent@7713112b
      loader = class com.ibm.ws.classloading.internal.ThreadContextClassLoader@633beb12
      webApp = class com.ibm.ws.webcontainer40.osgi.webapp.WebApp40@4729836b
      webAppConfig = class com.ibm.ws.webcontainer.osgi.webapp.WebAppConfiguration@6a809427
      contextRootAdded = class com.ibm.ws.threading.internal.NonCancelableResultFuture@7b9c5966
      properContextRoot = "/"
      mappingContextRoot = "/*"
      initTaskCount = class java.util.concurrent.atomic.AtomicInteger@ec5ba79
      initTasksDoneListener = class com.ibm.ws.webcontainer.osgi.WebContainer$2@40c521c
      serialVersionUID = -2104814060051592457
      $$$tc$$$ = class com.ibm.websphere.ras.TraceComponent@3654f811
    extensionFactories = class java.util.ArrayList@70f371af
      serialVersionUID = 8683452581122892189
      DEFAULT_CAPACITY = 10
      EMPTY_ELEMENTDATA = class java.lang.Object[0]
      DEFAULTCAPACITY_EMPTY_ELEMENTDATA = class java.lang.Object[0]
      elementData = class java.lang.Object[10]
      size = 2
      MAX_ARRAY_SIZE = 2147483639
      modCount = 4
      MAX_ARRAY_SIZE = 2147483639
    initialized = true
    lock = class com.ibm.ws.webcontainer.webapp.WebApp$1@1143d7df
      this$0 = class com.ibm.ws.webcontainer40.osgi.webapp.WebApp40@4729836b
    afterServletContextCreated = false
    redirectContextRoot = false
    errorExceptionTypeFirst = false
    initFilterBeforeServletInit = false
    SET_400_SC_ON_TOO_MANY_PARENT_DIRS = false
    sortedServletConfigs = class java.util.ArrayList@4480ae4
      serialVersionUID = 8683452581122892189
      DEFAULT_CAPACITY = 10
      EMPTY_ELEMENTDATA = class java.lang.Object[0]
      DEFAULTCAPACITY_EMPTY_ELEMENTDATA = class java.lang.Object[0]
      elementData = class java.lang.Object[10]
      size = 3
      MAX_ARRAY_SIZE = 2147483639
      modCount = 3
      MAX_ARRAY_SIZE = 2147483639
    effectiveMajorVersion = 3
    effectiveMinorVersion = 1
    canAddServletContextListener = true
    withinContextInitOfProgAddListener = false
    lastProgAddListenerInitialized = "com.ibm.ws.cache.CacheServiceImpl"
    webInfLibClassloader = null
    metaInfCache = class com.ibm.ws.webcontainer.webapp.WebApp$2@25c731ee
      this$0 = class com.ibm.ws.webcontainer40.osgi.webapp.WebApp40@4729836b
      serialVersionUID = 3801124242820219131
      head = null
      tail = null
      accessOrder = true
      serialVersionUID = 362498820763181265
      DEFAULT_INITIAL_CAPACITY = 16
      MAXIMUM_CAPACITY = 1073741824
      DEFAULT_LOAD_FACTOR = 0.75
      TREEIFY_THRESHOLD = 8
      UNTREEIFY_THRESHOLD = 6
      MIN_TREEIFY_CAPACITY = 64
      table = null
      entrySet = null
      size = 0
      modCount = 0
      threshold = 32
      loadFactor = 1.0
      keySet = null
      values = null
    useMetaInfCache = true
    SUN_CONFIGURE_LISTENER_CLASSNAME = "com.sun.faces.config.ConfigureListener"
    MYFACES_LIFECYCLE_LISTENER_CLASSNAME = "org.apache.myfaces.webapp.StartupServletContextListener"
    JSF_IMPL_ENABLED_PARAM = "com.ibm.ws.jsf.JSF_IMPL_ENABLED"
    JSF_IMPL_ENABLED_CUSTOM = "Custom"
    JSF_IMPL_ENABLED_NONE = "None"
    staticDocRoot = class com.ibm.ws.webcontainer.util.DocumentRootUtils@4ed242f0
      logger = class com.ibm.ws.logging.internal.WsLogger@dacac3a
      CLASS_NAME = "com.ibm.ws.webcontainer.util.DocumentRootUtils"
      useContentLength = false
      matchedFile = null
      matchedZipFile = null
      matchedEntry = null
      matchedURL = null
      edrRoot = null
      pfedrRoot = null
      ctxt = class com.ibm.ws.webcontainer40.osgi.webapp.WebApp40@4729836b
      baseDir = null
      edr = null
      pfedr = null
      metaInfRes = null
      searchpfEDR = false
      searchEDR = false
      searchMetaInfRes = true
      matchFromEDR = false
      matchFromMetaInfRes = false
      matchIsADirectory = false
      appConfig = class com.ibm.ws.webcontainer.osgi.webapp.WebAppConfiguration@6a809427
      attributeType = "staticFile"
      STATIC_FILE = "staticFile"
      JSP = "jsp"
      PFEDR = "preFragmentExtendedDocumentRoot"
      EDR = "extendedDocumentRoot"
    jspDocRoot = class com.ibm.ws.webcontainer.util.DocumentRootUtils@412099da
      logger = class com.ibm.ws.logging.internal.WsLogger@dacac3a
      CLASS_NAME = "com.ibm.ws.webcontainer.util.DocumentRootUtils"
      useContentLength = false
      matchedFile = null
      matchedZipFile = null
      matchedEntry = null
      matchedURL = null
      edrRoot = null
      pfedrRoot = null
      ctxt = class com.ibm.ws.webcontainer40.osgi.webapp.WebApp40@4729836b
      baseDir = null
      edr = null
      pfedr = null
      metaInfRes = null
      searchpfEDR = false
      searchEDR = false
      searchMetaInfRes = true
      matchFromEDR = false
      matchFromMetaInfRes = false
      matchIsADirectory = false
      appConfig = class com.ibm.ws.webcontainer.osgi.webapp.WebAppConfiguration@6a809427
      attributeType = "jsp"
      STATIC_FILE = "staticFile"
      JSP = "jsp"
      PFEDR = "preFragmentExtendedDocumentRoot"
      EDR = "extendedDocumentRoot"
    container = class com.ibm.ws.adaptable.module.internal.AdaptableContainerImpl@6b13d0a
      root = class com.ibm.ws.adaptable.module.internal.AdaptableContainerImpl@6b13d0a
      rootOverlay = class com.ibm.ws.artifact.overlay.internal.DirectoryBasedOverlayContainerImpl@183fe491
      factoryHolder = class com.ibm.ws.adaptable.module.internal.AdaptableModuleFactoryImpl@5605849d
      delegate = class com.ibm.ws.artifact.overlay.internal.DirectoryBasedOverlayContainerImpl@183fe491
      notifier = class com.ibm.ws.adaptable.module.internal.NotifierImpl@13bf0c2b
      serialVersionUID = -5950528200509051684
      $$$tc$$$ = class com.ibm.websphere.ras.TraceComponent@88623b2
    metaInfResourceFinder = class com.ibm.ws.webcontainer.util.MetaInfResourceFinder@5fba430
      jarResourceContainers = class java.util.ArrayList@169a7c5f
      container = class com.ibm.ws.adaptable.module.internal.AdaptableContainerImpl@6b13d0a
    postConstructMethods = class com.ibm.ws.webcontainer.webapp.WebApp$AnnotatedMethods@19afbd20
      annotationClass = class java.lang.Class@78d20973
      noOpClassNames = class java.util.HashSet@5cdc4cb6
      annotatedMethodNames = class java.util.concurrent.ConcurrentHashMap@2f358087
      EMPTY_METHODS = class java.lang.reflect.Method[0]
    preDestroyMethods = class com.ibm.ws.webcontainer.webapp.WebApp$AnnotatedMethods@45b6a927
      annotationClass = class java.lang.Class@21f08097
      noOpClassNames = class java.util.HashSet@31c93852
      annotatedMethodNames = class java.util.concurrent.ConcurrentHashMap@186e58e
      EMPTY_METHODS = class java.lang.reflect.Method[0]
    OBJ_EMPTY = class java.lang.Object[0]
    CLASS_EMPTY = class java.lang.Class[0]
    DEFAULT_JSP_EXTENSIONS = class java.util.ArrayList@1d0602
      serialVersionUID = 8683452581122892189
      DEFAULT_CAPACITY = 10
      EMPTY_ELEMENTDATA = class java.lang.Object[0]
      DEFAULTCAPACITY_EMPTY_ELEMENTDATA = class java.lang.Object[0]
      elementData = class java.lang.Object[10]
      size = 4
      MAX_ARRAY_SIZE = 2147483639
      modCount = 4
      MAX_ARRAY_SIZE = 2147483639
    DEFER_SERVLET_REQUEST_LISTENER_DESTROY_ON_ERROR = false
    DO_ACCEPT_PARTIAL = true
    DO_NOT_ACCEPT_PARTIAL = false
    DO_ACCEPT_EXCLUDED = true
    DO_NOT_ACCEPT_EXCLUDED = false
    commands = class java.util.ArrayList@589ff815
      serialVersionUID = 8683452581122892189
      DEFAULT_CAPACITY = 10
      EMPTY_ELEMENTDATA = class java.lang.Object[0]
      DEFAULTCAPACITY_EMPTY_ELEMENTDATA = class java.lang.Object[0]
      elementData = class java.lang.Object[3]
      size = 0
      MAX_ARRAY_SIZE = 2147483639
      modCount = 0
      MAX_ARRAY_SIZE = 2147483639
    requestMapper = class com.ibm.wsspi.webcontainer.util.URIMapper@3c3d089b
      matcher = class com.ibm.wsspi.webcontainer40.util.URIMatcher40@4a7005f5
    parent = class com.ibm.ws.webcontainer.osgi.webapp.WebGroup@4c3271aa
      tc = class com.ibm.websphere.ras.TraceComponent@372e4889
      logger = class com.ibm.ws.logging.internal.WsLogger@308d85e9
      CLASS_NAME = "com.ibm.ws.webcontainer.webapp.WebGroup"
      sessUrlRewritePrefix = ";jsessionid="
      qMark = "?"
      config = class com.ibm.ws.webcontainer.osgi.webapp.WebGroupConfiguration@5864309
      webApp = class com.ibm.ws.webcontainer40.osgi.webapp.WebApp40@4729836b
      commands = class java.util.ArrayList@7d75f043
      requestMapper = null
      parent = class com.ibm.ws.webcontainer.osgi.DynamicVirtualHost@44952159
      name = "/*"
      isAlive = true
      subElements = class java.util.HashMap@4b69c0f6
      attributes = null
      config = null
      serialVersionUID = -8271459000149267764
      $$$tc$$$ = class com.ibm.websphere.ras.TraceComponent@57e591b8
    name = "guide-security-intro"
    isAlive = true
    subElements = null
    attributes = class java.util.concurrent.ConcurrentHashMap@24f74338
      serialVersionUID = 7249069246763182397
      MAXIMUM_CAPACITY = 1073741824
      DEFAULT_CAPACITY = 16
      MAX_ARRAY_SIZE = 2147483639
      DEFAULT_CONCURRENCY_LEVEL = 16
      LOAD_FACTOR = 0.75
      TREEIFY_THRESHOLD = 8
      UNTREEIFY_THRESHOLD = 6
      MIN_TREEIFY_CAPACITY = 64
      MIN_TRANSFER_STRIDE = 16
      RESIZE_STAMP_BITS = 16
      MAX_RESIZERS = 65535
      RESIZE_STAMP_SHIFT = 16
      MOVED = -1
      TREEBIN = -2
      RESERVED = -3
      HASH_BITS = 2147483647
      NCPU = 8
      serialPersistentFields = class java.io.ObjectStreamField[3]
      table = class java.util.concurrent.ConcurrentHashMap$Node[128]
      nextTable = null
      baseCount = 51
      sizeCtl = 96
      transferIndex = 0
      cellsBusy = 0
      counterCells = null
      keySet = null
      values = null
      entrySet = null
      U = class sun.misc.Unsafe@78ea0bde
      SIZECTL = 20
      TRANSFERINDEX = 32
      BASECOUNT = 24
      CELLSBUSY = 36
      CELLVALUE = 144
      ABASE = 16
      ASHIFT = 2
      keySet = null
      values = null
    config = null
    serialVersionUID = -8271459000149267764
    $$$tc$$$ = class com.ibm.websphere.ras.TraceComponent@57e591b8
      strings[0] = "TraceComponent[com.ibm.ws.container.AbstractContainer,class com.ibm.ws.container.AbstractContainer,[],null,null]"

