------Start of DE processing------ = [1/04/22 05:40:20:330 COT]
Exception = java.lang.NullPointerException
Source = com.ibm.ws.security.authentication.jaas.modules.TokenLoginModule
probeid = 116
Stack Dump = java.lang.NullPointerException
	at com.ibm.ws.security.authentication.jaas.modules.TokenLoginModule.getRequiredCallbacks(TokenLoginModule.java:135)
	at com.ibm.ws.security.authentication.jaas.modules.TokenLoginModule.login(TokenLoginModule.java:85)
	at com.ibm.ws.kernel.boot.security.LoginModuleProxy.login(LoginModuleProxy.java:51)
	at sun.reflect.GeneratedMethodAccessor704.invoke(Unknown Source)
	at java.lang.reflect.Method.invoke(Method.java:498)
	at javax.security.auth.login.LoginContext.invoke(LoginContext.java:755)
	at javax.security.auth.login.LoginContext.access$000(LoginContext.java:195)
	at javax.security.auth.login.LoginContext$4.run(LoginContext.java:682)
	at javax.security.auth.login.LoginContext$4.run(LoginContext.java:680)
	at java.security.AccessController.doPrivileged(Native Method)
	at javax.security.auth.login.LoginContext.invokePriv(LoginContext.java:680)
	at javax.security.auth.login.LoginContext.login(LoginContext.java:587)
	at io.openliberty.guides.jaas.MyLoginController.doPost(MyLoginController.java:40)
	at javax.servlet.http.HttpServlet.service(HttpServlet.java:706)
	at javax.servlet.http.HttpServlet.service(HttpServlet.java:791)
	at com.ibm.ws.webcontainer.servlet.ServletWrapper.service(ServletWrapper.java:1258)
	at com.ibm.ws.webcontainer.servlet.ServletWrapper.handleRequest(ServletWrapper.java:746)
	at com.ibm.ws.webcontainer.servlet.ServletWrapper.handleRequest(ServletWrapper.java:443)
	at com.ibm.ws.webcontainer.filter.WebAppFilterChain.invokeTarget(WebAppFilterChain.java:193)
	at com.ibm.ws.webcontainer.filter.WebAppFilterChain.doFilter(WebAppFilterChain.java:98)
	at com.ibm.ws.security.jaspi.JaspiServletFilter.doFilter(JaspiServletFilter.java:56)
	at com.ibm.ws.webcontainer.filter.FilterInstanceWrapper.doFilter(FilterInstanceWrapper.java:201)
	at com.ibm.ws.webcontainer.filter.WebAppFilterChain.doFilter(WebAppFilterChain.java:91)
	at com.ibm.ws.webcontainer.filter.WebAppFilterManager.doFilter(WebAppFilterManager.java:1002)
	at com.ibm.ws.webcontainer.filter.WebAppFilterManager.invokeFilters(WebAppFilterManager.java:1140)
	at com.ibm.ws.webcontainer.webapp.WebApp.handleRequest(WebApp.java:5049)
	at com.ibm.ws.webcontainer.osgi.DynamicVirtualHost$2.handleRequest(DynamicVirtualHost.java:316)
	at com.ibm.ws.webcontainer.WebContainer.handleRequest(WebContainer.java:1007)
	at com.ibm.ws.webcontainer.osgi.DynamicVirtualHost$2.run(DynamicVirtualHost.java:281)
	at com.ibm.ws.http.dispatcher.internal.channel.HttpDispatcherLink$TaskWrapper.run(HttpDispatcherLink.java:1184)
	at com.ibm.ws.http.dispatcher.internal.channel.HttpDispatcherLink.wrapHandlerAndExecute(HttpDispatcherLink.java:453)
	at com.ibm.ws.http.dispatcher.internal.channel.HttpDispatcherLink.ready(HttpDispatcherLink.java:412)
	at com.ibm.ws.http.channel.internal.inbound.HttpInboundLink.handleDiscrimination(HttpInboundLink.java:566)
	at com.ibm.ws.http.channel.internal.inbound.HttpInboundLink.handleNewRequest(HttpInboundLink.java:500)
	at com.ibm.ws.http.channel.internal.inbound.HttpInboundLink.processRequest(HttpInboundLink.java:360)
	at com.ibm.ws.http.channel.internal.inbound.HttpICLReadCallback.complete(HttpICLReadCallback.java:70)
	at com.ibm.ws.channel.ssl.internal.SSLReadServiceContext$SSLReadCompletedCallback.complete(SSLReadServiceContext.java:1824)
	at com.ibm.ws.tcpchannel.internal.WorkQueueManager.requestComplete(WorkQueueManager.java:514)
	at com.ibm.ws.tcpchannel.internal.WorkQueueManager.attemptIO(WorkQueueManager.java:584)
	at com.ibm.ws.tcpchannel.internal.WorkQueueManager.workerRun(WorkQueueManager.java:968)
	at com.ibm.ws.tcpchannel.internal.WorkQueueManager$Worker.run(WorkQueueManager.java:1057)
	at com.ibm.ws.threading.internal.ExecutorServiceImpl$RunnableWrapper.run(ExecutorServiceImpl.java:245)
	at java.util.concurrent.ThreadPoolExecutor.runWorker(ThreadPoolExecutor.java:1149)
	at java.util.concurrent.ThreadPoolExecutor$Worker.run(ThreadPoolExecutor.java:624)
	at java.lang.Thread.run(Thread.java:748)

Dump of callerThis
Object type = com.ibm.ws.security.authentication.jaas.modules.TokenLoginModule
  tc = class com.ibm.websphere.ras.TraceComponent@2fad860
    strings[0] = "TraceComponent[com.ibm.ws.security.authentication.jaas.modules.TokenLoginModule,class com.ibm.ws.security.authentication.jaas.modules.TokenLoginModule,[Authentication],com.ibm.ws.security.authentication.internal.resources.AuthenticationMessages,null]"
  LTPA_OID = "oid:1.3.18.0.2.30.2"
  JWT_OID = "oid:1.3.18.0.2.30.3"
  accessId = null
  recreatedToken = null
  customRealm = null
  authProvider = null
  hashtableLoginProperties = class java.lang.String[8]
    String[0] = "com.ibm.wsspi.security.cred.uniqueId"
    String[1] = "com.ibm.wsspi.security.cred.userId"
    String[2] = "com.ibm.wsspi.security.cred.securityName"
    String[3] = "com.ibm.wsspi.security.cred.realm"
    String[4] = "com.ibm.wsspi.security.cred.cacheKey"
    String[5] = "com.ibm.ws.authentication.internal.assertion"
    String[6] = "com.ibm.ws.authentication.internal.json.web.token"
    String[7] = "com.ibm.ws.authentication.internal.auth.provider"
  serialVersionUID = -8443847235269521669
  tc = class com.ibm.websphere.ras.TraceComponent@79297b91
    strings[0] = "TraceComponent[com.ibm.ws.security.authentication.internal.jaas.modules.ServerCommonLoginModule,class com.ibm.ws.security.authentication.internal.jaas.modules.ServerCommonLoginModule,[Authentication],com.ibm.ws.security.authentication.internal.resources.AuthenticationMessages,null]"
  jsonWebTokenProperties = class java.lang.String[1]
    String[0] = "com.ibm.ws.authentication.internal.json.web.token"
  subjectHelper = class com.ibm.ws.security.authentication.utility.SubjectHelper@5b99db5e
    tc = class com.ibm.websphere.ras.TraceComponent@68094fa1
      strings[0] = "TraceComponent[com.ibm.ws.security.authentication.utility.SubjectHelper,class com.ibm.ws.security.authentication.utility.SubjectHelper,[],null,null]"
    serialVersionUID = -2679843572021519452
  userIdOnlyProperties = class java.lang.String[2]
    String[0] = "com.ibm.wsspi.security.cred.userId"
    String[1] = "com.ibm.ws.authentication.internal.assertion"
  customPropertiesFromSubject = false
  serialVersionUID = -878775644266839608
  callbackHandler = null
  subject = class javax.security.auth.Subject@33d2e51f
    serialVersionUID = -8308522755600156056
    principals = class java.util.Collections$SynchronizedSet@14a8778d
      serialVersionUID = 487447009682186044
      serialVersionUID = 3053995032091335093
      c = class javax.security.auth.Subject$SecureSet@154d073c
      mutex = class java.util.Collections$SynchronizedSet@14a8778d
    pubCredentials = class java.util.Collections$SynchronizedSet@2a5c8049
      serialVersionUID = 487447009682186044
      serialVersionUID = 3053995032091335093
      c = class javax.security.auth.Subject$SecureSet@5bdd8314
      mutex = class java.util.Collections$SynchronizedSet@2a5c8049
    privCredentials = class java.util.Collections$SynchronizedSet@46c8c029
      serialVersionUID = 487447009682186044
      serialVersionUID = 3053995032091335093
      c = class javax.security.auth.Subject$SecureSet@428e04ff
      mutex = class java.util.Collections$SynchronizedSet@46c8c029
    readOnly = false
    PRINCIPAL_SET = 1
    PUB_CREDENTIAL_SET = 2
    PRIV_CREDENTIAL_SET = 3
    NULL_PD_ARRAY = class java.security.ProtectionDomain[0]
  sharedState = class java.util.HashMap@14b55ffe
    serialVersionUID = 362498820763181265
    DEFAULT_INITIAL_CAPACITY = 16
    MAXIMUM_CAPACITY = 1073741824
    DEFAULT_LOAD_FACTOR = 0.75
    TREEIFY_THRESHOLD = 8
    UNTREEIFY_THRESHOLD = 6
    MIN_TREEIFY_CAPACITY = 64
    table = null
    entrySet = null
    size = 0
    modCount = 0
    threshold = 0
    loadFactor = 0.75
    keySet = null
    values = null
  options = class java.util.Collections$UnmodifiableMap@c72bad4
    serialVersionUID = -1034234728574286014
    m = class java.util.Collections$UnmodifiableMap@5d3b69f6
      serialVersionUID = -1034234728574286014
      m = class java.util.HashMap@486d0a24
      keySet = null
      entrySet = null
      values = null
    keySet = null
    entrySet = null
    values = null
  temporarySubject = null
  serialVersionUID = -8873301121271047884
  $$$tc$$$ = class com.ibm.websphere.ras.TraceComponent@47587a9c
    strings[0] = "TraceComponent[com.ibm.ws.security.jaas.common.modules.CommonLoginModule,class com.ibm.ws.security.jaas.common.modules.CommonLoginModule,[security],com.ibm.ws.security.jaas.common.internal.resources.JAASCommonMessages,null]"

